mode: set
github.com/dreamervulpi/tourney-helper/internal/db/repo/participantAccounts.go:15.91,19.2 1 0
github.com/dreamervulpi/tourney-helper/internal/db/repo/participantAccounts.go:21.185,60.16 4 0
github.com/dreamervulpi/tourney-helper/internal/db/repo/participantAccounts.go:60.16,62.3 1 0
github.com/dreamervulpi/tourney-helper/internal/db/repo/participantAccounts.go:63.2,63.16 1 0
github.com/dreamervulpi/tourney-helper/internal/db/repo/participantAccounts.go:66.179,82.16 3 0
github.com/dreamervulpi/tourney-helper/internal/db/repo/participantAccounts.go:82.16,84.3 1 0
github.com/dreamervulpi/tourney-helper/internal/db/repo/participantAccounts.go:85.2,85.12 1 0
github.com/dreamervulpi/tourney-helper/internal/db/repo/participantAccounts.go:88.133,97.16 3 0
github.com/dreamervulpi/tourney-helper/internal/db/repo/participantAccounts.go:97.16,99.3 1 0
github.com/dreamervulpi/tourney-helper/internal/db/repo/participantAccounts.go:100.2,100.12 1 0
github.com/dreamervulpi/tourney-helper/internal/db/repo/participantAccounts.go:103.105,109.16 3 0
github.com/dreamervulpi/tourney-helper/internal/db/repo/participantAccounts.go:109.16,111.3 1 0
github.com/dreamervulpi/tourney-helper/internal/db/repo/participantAccounts.go:112.2,115.18 3 0
github.com/dreamervulpi/tourney-helper/internal/db/repo/participantAccounts.go:115.18,127.17 3 0
github.com/dreamervulpi/tourney-helper/internal/db/repo/participantAccounts.go:127.17,129.4 1 0
github.com/dreamervulpi/tourney-helper/internal/db/repo/participantAccounts.go:130.3,130.34 1 0
github.com/dreamervulpi/tourney-helper/internal/db/repo/participantAccounts.go:133.2,133.34 1 0
github.com/dreamervulpi/tourney-helper/internal/db/repo/participantAccounts.go:133.34,135.3 1 0
github.com/dreamervulpi/tourney-helper/internal/db/repo/participantAccounts.go:137.2,137.22 1 0
github.com/dreamervulpi/tourney-helper/internal/db/repo/participantAccounts.go:140.141,156.16 4 0
github.com/dreamervulpi/tourney-helper/internal/db/repo/participantAccounts.go:156.16,158.3 1 0
github.com/dreamervulpi/tourney-helper/internal/db/repo/participantAccounts.go:159.2,159.21 1 0
github.com/dreamervulpi/tourney-helper/internal/db/repo/participantAccounts.go:162.141,178.16 4 0
github.com/dreamervulpi/tourney-helper/internal/db/repo/participantAccounts.go:178.16,180.3 1 0
github.com/dreamervulpi/tourney-helper/internal/db/repo/participantAccounts.go:181.2,181.21 1 0
github.com/dreamervulpi/tourney-helper/internal/db/repo/participantAccounts.go:184.131,189.16 3 0
github.com/dreamervulpi/tourney-helper/internal/db/repo/participantAccounts.go:189.16,191.3 1 0
github.com/dreamervulpi/tourney-helper/internal/db/repo/participantAccounts.go:193.2,194.16 2 0
github.com/dreamervulpi/tourney-helper/internal/db/repo/participantAccounts.go:194.16,196.3 1 0
github.com/dreamervulpi/tourney-helper/internal/db/repo/participantAccounts.go:197.2,197.15 1 0
github.com/dreamervulpi/tourney-helper/internal/db/repo/participantAccounts.go:197.15,199.3 1 0
github.com/dreamervulpi/tourney-helper/internal/db/repo/participantAccounts.go:201.2,201.12 1 0
github.com/dreamervulpi/tourney-helper/internal/db/repo/participantBans.go:18.83,22.2 1 0
github.com/dreamervulpi/tourney-helper/internal/db/repo/participantBans.go:24.137,42.16 4 0
github.com/dreamervulpi/tourney-helper/internal/db/repo/participantBans.go:42.16,44.3 1 0
github.com/dreamervulpi/tourney-helper/internal/db/repo/participantBans.go:45.2,45.16 1 0
github.com/dreamervulpi/tourney-helper/internal/db/repo/participantBans.go:47.131,54.16 3 0
github.com/dreamervulpi/tourney-helper/internal/db/repo/participantBans.go:54.16,56.3 1 0
github.com/dreamervulpi/tourney-helper/internal/db/repo/participantBans.go:58.2,58.12 1 0
github.com/dreamervulpi/tourney-helper/internal/db/repo/participantBans.go:60.81,65.16 3 0
github.com/dreamervulpi/tourney-helper/internal/db/repo/participantBans.go:65.16,67.3 1 0
github.com/dreamervulpi/tourney-helper/internal/db/repo/participantBans.go:69.2,70.16 2 0
github.com/dreamervulpi/tourney-helper/internal/db/repo/participantBans.go:70.16,72.3 1 0
github.com/dreamervulpi/tourney-helper/internal/db/repo/participantBans.go:73.2,73.15 1 0
github.com/dreamervulpi/tourney-helper/internal/db/repo/participantBans.go:73.15,75.3 1 0
github.com/dreamervulpi/tourney-helper/internal/db/repo/participantBans.go:77.2,77.12 1 0
github.com/dreamervulpi/tourney-helper/internal/db/repo/participantBans.go:80.68,86.16 4 0
github.com/dreamervulpi/tourney-helper/internal/db/repo/participantBans.go:86.16,88.3 1 0
github.com/dreamervulpi/tourney-helper/internal/db/repo/participantBans.go:89.2,89.12 1 0
github.com/dreamervulpi/tourney-helper/internal/db/repo/participantBans.go:92.92,107.16 4 0
github.com/dreamervulpi/tourney-helper/internal/db/repo/participantBans.go:107.16,109.3 1 0
github.com/dreamervulpi/tourney-helper/internal/db/repo/participantBans.go:110.2,110.17 1 0
github.com/dreamervulpi/tourney-helper/internal/db/repo/participantBans.go:113.90,123.2 4 0
github.com/dreamervulpi/tourney-helper/internal/db/repo/participantBans.go:125.72,131.16 4 0
github.com/dreamervulpi/tourney-helper/internal/db/repo/participantBans.go:131.16,133.3 1 0
github.com/dreamervulpi/tourney-helper/internal/db/repo/participantBans.go:134.2,134.16 1 0
github.com/dreamervulpi/tourney-helper/internal/db/repo/participantBans.go:137.196,190.16 3 0
github.com/dreamervulpi/tourney-helper/internal/db/repo/participantBans.go:190.16,192.3 1 0
github.com/dreamervulpi/tourney-helper/internal/db/repo/participantBans.go:193.2,196.18 3 0
github.com/dreamervulpi/tourney-helper/internal/db/repo/participantBans.go:196.18,241.17 4 0
github.com/dreamervulpi/tourney-helper/internal/db/repo/participantBans.go:241.17,243.4 1 0
github.com/dreamervulpi/tourney-helper/internal/db/repo/participantBans.go:245.3,262.25 18 0
github.com/dreamervulpi/tourney-helper/internal/db/repo/participantBans.go:262.25,264.4 1 0
github.com/dreamervulpi/tourney-helper/internal/db/repo/participantBans.go:264.9,266.4 1 0
github.com/dreamervulpi/tourney-helper/internal/db/repo/participantBans.go:268.3,268.26 1 0
github.com/dreamervulpi/tourney-helper/internal/db/repo/participantBans.go:268.26,270.4 1 0
github.com/dreamervulpi/tourney-helper/internal/db/repo/participantBans.go:270.9,272.4 1 0
github.com/dreamervulpi/tourney-helper/internal/db/repo/participantBans.go:274.3,274.27 1 0
github.com/dreamervulpi/tourney-helper/internal/db/repo/participantBans.go:277.2,277.34 1 0
github.com/dreamervulpi/tourney-helper/internal/db/repo/participantBans.go:277.34,279.3 1 0
github.com/dreamervulpi/tourney-helper/internal/db/repo/participantBans.go:280.2,280.18 1 0
github.com/dreamervulpi/tourney-helper/internal/db/repo/participantStats.go:15.85,19.2 1 0
github.com/dreamervulpi/tourney-helper/internal/db/repo/participantStats.go:21.129,42.16 4 0
github.com/dreamervulpi/tourney-helper/internal/db/repo/participantStats.go:42.16,44.3 1 0
github.com/dreamervulpi/tourney-helper/internal/db/repo/participantStats.go:45.2,45.16 1 0
github.com/dreamervulpi/tourney-helper/internal/db/repo/participantStats.go:48.123,61.16 3 0
github.com/dreamervulpi/tourney-helper/internal/db/repo/participantStats.go:61.16,63.3 1 0
github.com/dreamervulpi/tourney-helper/internal/db/repo/participantStats.go:64.2,64.12 1 0
github.com/dreamervulpi/tourney-helper/internal/db/repo/participantStats.go:67.114,73.16 3 0
github.com/dreamervulpi/tourney-helper/internal/db/repo/participantStats.go:73.16,75.3 1 0
github.com/dreamervulpi/tourney-helper/internal/db/repo/participantStats.go:77.2,78.16 2 0
github.com/dreamervulpi/tourney-helper/internal/db/repo/participantStats.go:78.16,80.3 1 0
github.com/dreamervulpi/tourney-helper/internal/db/repo/participantStats.go:81.2,81.15 1 0
github.com/dreamervulpi/tourney-helper/internal/db/repo/participantStats.go:81.15,83.3 1 0
github.com/dreamervulpi/tourney-helper/internal/db/repo/participantStats.go:84.2,84.12 1 0
github.com/dreamervulpi/tourney-helper/internal/db/repo/participantStats.go:87.101,93.16 3 0
github.com/dreamervulpi/tourney-helper/internal/db/repo/participantStats.go:93.16,95.3 1 0
github.com/dreamervulpi/tourney-helper/internal/db/repo/participantStats.go:97.2,98.16 2 0
github.com/dreamervulpi/tourney-helper/internal/db/repo/participantStats.go:98.16,100.3 1 0
github.com/dreamervulpi/tourney-helper/internal/db/repo/participantStats.go:101.2,101.15 1 0
github.com/dreamervulpi/tourney-helper/internal/db/repo/participantStats.go:101.15,103.3 1 0
github.com/dreamervulpi/tourney-helper/internal/db/repo/participantStats.go:104.2,104.12 1 0
github.com/dreamervulpi/tourney-helper/internal/db/repo/participantStats.go:107.110,114.16 3 0
github.com/dreamervulpi/tourney-helper/internal/db/repo/participantStats.go:114.16,116.3 1 0
github.com/dreamervulpi/tourney-helper/internal/db/repo/participantStats.go:117.2,120.18 3 0
github.com/dreamervulpi/tourney-helper/internal/db/repo/participantStats.go:120.18,130.17 3 0
github.com/dreamervulpi/tourney-helper/internal/db/repo/participantStats.go:130.17,132.4 1 0
github.com/dreamervulpi/tourney-helper/internal/db/repo/participantStats.go:133.3,133.28 1 0
github.com/dreamervulpi/tourney-helper/internal/db/repo/participantStats.go:136.2,136.34 1 0
github.com/dreamervulpi/tourney-helper/internal/db/repo/participantStats.go:136.34,138.3 1 0
github.com/dreamervulpi/tourney-helper/internal/db/repo/participantStats.go:139.2,139.19 1 0
github.com/dreamervulpi/tourney-helper/internal/db/repo/participantStats.go:142.127,157.16 4 0
github.com/dreamervulpi/tourney-helper/internal/db/repo/participantStats.go:157.16,159.3 1 0
github.com/dreamervulpi/tourney-helper/internal/db/repo/participantStats.go:160.2,160.18 1 0
github.com/dreamervulpi/tourney-helper/internal/db/repo/participantStats.go:163.84,170.16 3 0
github.com/dreamervulpi/tourney-helper/internal/db/repo/participantStats.go:170.16,172.3 1 0
github.com/dreamervulpi/tourney-helper/internal/db/repo/participantStats.go:174.2,175.16 2 0
github.com/dreamervulpi/tourney-helper/internal/db/repo/participantStats.go:175.16,177.3 1 0
github.com/dreamervulpi/tourney-helper/internal/db/repo/participantStats.go:178.2,178.15 1 0
github.com/dreamervulpi/tourney-helper/internal/db/repo/participantStats.go:178.15,180.3 1 0
github.com/dreamervulpi/tourney-helper/internal/db/repo/participantStats.go:181.2,181.12 1 0
github.com/dreamervulpi/tourney-helper/internal/db/repo/participants.go:18.76,22.2 1 0
github.com/dreamervulpi/tourney-helper/internal/db/repo/participants.go:24.109,54.16 4 0
github.com/dreamervulpi/tourney-helper/internal/db/repo/participants.go:54.16,56.3 1 0
github.com/dreamervulpi/tourney-helper/internal/db/repo/participants.go:57.2,57.16 1 0
github.com/dreamervulpi/tourney-helper/internal/db/repo/participants.go:60.111,67.16 3 0
github.com/dreamervulpi/tourney-helper/internal/db/repo/participants.go:67.16,69.3 1 0
github.com/dreamervulpi/tourney-helper/internal/db/repo/participants.go:71.2,72.16 2 0
github.com/dreamervulpi/tourney-helper/internal/db/repo/participants.go:72.16,74.3 1 0
github.com/dreamervulpi/tourney-helper/internal/db/repo/participants.go:75.2,75.15 1 0
github.com/dreamervulpi/tourney-helper/internal/db/repo/participants.go:75.15,77.3 1 0
github.com/dreamervulpi/tourney-helper/internal/db/repo/participants.go:79.2,79.12 1 0
github.com/dreamervulpi/tourney-helper/internal/db/repo/participants.go:82.89,96.16 4 0
github.com/dreamervulpi/tourney-helper/internal/db/repo/participants.go:96.16,98.3 1 0
github.com/dreamervulpi/tourney-helper/internal/db/repo/participants.go:99.2,99.25 1 0
github.com/dreamervulpi/tourney-helper/internal/db/repo/participants.go:102.104,116.16 4 0
github.com/dreamervulpi/tourney-helper/internal/db/repo/participants.go:116.16,118.3 1 0
github.com/dreamervulpi/tourney-helper/internal/db/repo/participants.go:119.2,119.25 1 0
github.com/dreamervulpi/tourney-helper/internal/db/repo/participants.go:122.86,131.16 4 0
github.com/dreamervulpi/tourney-helper/internal/db/repo/participants.go:131.16,133.3 1 0
github.com/dreamervulpi/tourney-helper/internal/db/repo/participants.go:134.2,134.16 1 0
github.com/dreamervulpi/tourney-helper/internal/db/repo/participants.go:136.100,150.16 4 0
github.com/dreamervulpi/tourney-helper/internal/db/repo/participants.go:150.16,152.3 1 0
github.com/dreamervulpi/tourney-helper/internal/db/repo/participants.go:153.2,153.16 1 0
github.com/dreamervulpi/tourney-helper/internal/db/repo/participants.go:156.187,203.16 3 0
github.com/dreamervulpi/tourney-helper/internal/db/repo/participants.go:203.16,205.3 1 0
github.com/dreamervulpi/tourney-helper/internal/db/repo/participants.go:206.2,209.18 3 0
github.com/dreamervulpi/tourney-helper/internal/db/repo/participants.go:209.18,250.17 4 0
github.com/dreamervulpi/tourney-helper/internal/db/repo/participants.go:250.17,252.4 1 0
github.com/dreamervulpi/tourney-helper/internal/db/repo/participants.go:254.3,271.25 18 0
github.com/dreamervulpi/tourney-helper/internal/db/repo/participants.go:271.25,273.4 1 0
github.com/dreamervulpi/tourney-helper/internal/db/repo/participants.go:273.9,275.4 1 0
github.com/dreamervulpi/tourney-helper/internal/db/repo/participants.go:277.3,277.26 1 0
github.com/dreamervulpi/tourney-helper/internal/db/repo/participants.go:277.26,279.4 1 0
github.com/dreamervulpi/tourney-helper/internal/db/repo/participants.go:279.9,281.4 1 0
github.com/dreamervulpi/tourney-helper/internal/db/repo/participants.go:283.3,283.27 1 0
github.com/dreamervulpi/tourney-helper/internal/db/repo/participants.go:286.2,286.34 1 0
github.com/dreamervulpi/tourney-helper/internal/db/repo/participants.go:286.34,288.3 1 0
github.com/dreamervulpi/tourney-helper/internal/db/repo/participants.go:289.2,289.18 1 0
github.com/dreamervulpi/tourney-helper/internal/db/repo/participants.go:292.199,340.16 3 0
github.com/dreamervulpi/tourney-helper/internal/db/repo/participants.go:340.16,342.3 1 0
github.com/dreamervulpi/tourney-helper/internal/db/repo/participants.go:343.2,346.18 3 0
github.com/dreamervulpi/tourney-helper/internal/db/repo/participants.go:346.18,387.17 4 0
github.com/dreamervulpi/tourney-helper/internal/db/repo/participants.go:387.17,389.4 1 0
github.com/dreamervulpi/tourney-helper/internal/db/repo/participants.go:391.3,408.25 18 0
github.com/dreamervulpi/tourney-helper/internal/db/repo/participants.go:408.25,410.4 1 0
github.com/dreamervulpi/tourney-helper/internal/db/repo/participants.go:410.9,412.4 1 0
github.com/dreamervulpi/tourney-helper/internal/db/repo/participants.go:414.3,414.26 1 0
github.com/dreamervulpi/tourney-helper/internal/db/repo/participants.go:414.26,416.4 1 0
github.com/dreamervulpi/tourney-helper/internal/db/repo/participants.go:416.9,418.4 1 0
github.com/dreamervulpi/tourney-helper/internal/db/repo/participants.go:420.3,420.27 1 0
github.com/dreamervulpi/tourney-helper/internal/db/repo/participants.go:423.2,423.34 1 0
github.com/dreamervulpi/tourney-helper/internal/db/repo/participants.go:423.34,425.3 1 0
github.com/dreamervulpi/tourney-helper/internal/db/repo/participants.go:426.2,426.18 1 0
github.com/dreamervulpi/tourney-helper/internal/db/repo/participants.go:429.63,434.16 3 0
github.com/dreamervulpi/tourney-helper/internal/db/repo/participants.go:434.16,436.3 1 0
github.com/dreamervulpi/tourney-helper/internal/db/repo/participants.go:438.2,439.16 2 0
github.com/dreamervulpi/tourney-helper/internal/db/repo/participants.go:439.16,441.3 1 0
github.com/dreamervulpi/tourney-helper/internal/db/repo/participants.go:442.2,442.15 1 0
github.com/dreamervulpi/tourney-helper/internal/db/repo/participants.go:442.15,444.3 1 0
github.com/dreamervulpi/tourney-helper/internal/db/repo/participants.go:446.2,446.12 1 0
github.com/dreamervulpi/tourney-helper/internal/db/repo/sentset.go:16.67,20.2 1 0
github.com/dreamervulpi/tourney-helper/internal/db/repo/sentset.go:22.74,30.2 4 0
github.com/dreamervulpi/tourney-helper/internal/db/repo/sentset.go:32.214,45.16 4 0
github.com/dreamervulpi/tourney-helper/internal/db/repo/sentset.go:45.16,46.45 1 0
github.com/dreamervulpi/tourney-helper/internal/db/repo/sentset.go:46.45,48.4 1 0
github.com/dreamervulpi/tourney-helper/internal/db/repo/sentset.go:49.3,49.72 1 0
github.com/dreamervulpi/tourney-helper/internal/db/repo/sentset.go:51.2,51.16 1 0
github.com/dreamervulpi/tourney-helper/internal/db/repo/sentset.go:54.81,69.16 4 0
github.com/dreamervulpi/tourney-helper/internal/db/repo/sentset.go:69.16,71.3 1 0
github.com/dreamervulpi/tourney-helper/internal/db/repo/sentset.go:72.2,72.21 1 0
github.com/dreamervulpi/tourney-helper/internal/db/repo/sentset.go:75.63,80.16 3 0
github.com/dreamervulpi/tourney-helper/internal/db/repo/sentset.go:80.16,82.3 1 0
github.com/dreamervulpi/tourney-helper/internal/db/repo/sentset.go:84.2,85.16 2 0
github.com/dreamervulpi/tourney-helper/internal/db/repo/sentset.go:85.16,87.3 1 0
github.com/dreamervulpi/tourney-helper/internal/db/repo/sentset.go:88.2,88.15 1 0
github.com/dreamervulpi/tourney-helper/internal/db/repo/sentset.go:88.15,90.3 1 0
github.com/dreamervulpi/tourney-helper/internal/db/repo/sentset.go:92.2,92.12 1 0
github.com/dreamervulpi/tourney-helper/internal/db/repo/sentset.go:95.210,101.16 3 0
github.com/dreamervulpi/tourney-helper/internal/db/repo/sentset.go:101.16,103.3 1 0
github.com/dreamervulpi/tourney-helper/internal/db/repo/sentset.go:105.2,106.16 2 0
github.com/dreamervulpi/tourney-helper/internal/db/repo/sentset.go:106.16,108.3 1 0
github.com/dreamervulpi/tourney-helper/internal/db/repo/sentset.go:109.2,109.15 1 0
github.com/dreamervulpi/tourney-helper/internal/db/repo/sentset.go:109.15,111.3 1 0
github.com/dreamervulpi/tourney-helper/internal/db/repo/sentset.go:113.2,113.12 1 0
github.com/dreamervulpi/tourney-helper/internal/db/repo/tests/testutil/assert.go:8.46,11.16 2 0
github.com/dreamervulpi/tourney-helper/internal/db/repo/tests/testutil/assert.go:11.16,13.3 1 0
github.com/dreamervulpi/tourney-helper/internal/db/repo/tests/testutil/assert.go:16.44,19.16 2 0
github.com/dreamervulpi/tourney-helper/internal/db/repo/tests/testutil/assert.go:19.16,21.3 1 0
github.com/dreamervulpi/tourney-helper/internal/db/repo/tests/testutil/assert.go:28.3,31.42 2 0
github.com/dreamervulpi/tourney-helper/internal/db/repo/tests/testutil/assert.go:31.42,37.3 1 0
github.com/dreamervulpi/tourney-helper/internal/db/repo/tests/testutil/assert.go:40.63,43.17 2 0
github.com/dreamervulpi/tourney-helper/internal/db/repo/tests/testutil/assert.go:43.17,45.3 1 0
github.com/dreamervulpi/tourney-helper/internal/db/repo/tests/testutil/assert.go:48.44,51.12 2 0
github.com/dreamervulpi/tourney-helper/internal/db/repo/tests/testutil/assert.go:51.12,53.3 1 0
github.com/dreamervulpi/tourney-helper/internal/db/repo/tests/testutil/assert.go:56.45,59.11 2 0
github.com/dreamervulpi/tourney-helper/internal/db/repo/tests/testutil/assert.go:59.11,61.3 1 0
github.com/dreamervulpi/tourney-helper/internal/db/repo/tests/testutil/assert.go:64.42,67.19 2 0
github.com/dreamervulpi/tourney-helper/internal/db/repo/tests/testutil/assert.go:67.19,69.3 1 0
github.com/dreamervulpi/tourney-helper/internal/db/repo/tests/testutil/assert.go:72.45,75.18 2 0
github.com/dreamervulpi/tourney-helper/internal/db/repo/tests/testutil/assert.go:75.18,77.3 1 0
github.com/dreamervulpi/tourney-helper/internal/db/repo/tests/testutil/assert.go:80.28,81.18 1 0
github.com/dreamervulpi/tourney-helper/internal/db/repo/tests/testutil/assert.go:81.18,83.3 1 0
github.com/dreamervulpi/tourney-helper/internal/db/repo/tests/testutil/assert.go:85.2,87.18 2 0
github.com/dreamervulpi/tourney-helper/internal/db/repo/tests/testutil/assert.go:93.17,94.19 1 0
github.com/dreamervulpi/tourney-helper/internal/db/repo/tests/testutil/assert.go:95.10,96.15 1 0
github.com/dreamervulpi/tourney-helper/internal/db/repo/tests/testutil/assert.go:100.52,103.22 2 0
github.com/dreamervulpi/tourney-helper/internal/db/repo/tests/testutil/assert.go:103.22,105.3 1 0
github.com/dreamervulpi/tourney-helper/internal/db/repo/tests/testutil/assert.go:108.55,111.22 2 0
github.com/dreamervulpi/tourney-helper/internal/db/repo/tests/testutil/assert.go:111.22,113.3 1 0
github.com/dreamervulpi/tourney-helper/internal/db/repo/tests/testutil/db.go:15.38,22.16 3 0
github.com/dreamervulpi/tourney-helper/internal/db/repo/tests/testutil/db.go:22.16,24.3 1 0
github.com/dreamervulpi/tourney-helper/internal/db/repo/tests/testutil/db.go:26.2,26.19 1 0
github.com/dreamervulpi/tourney-helper/internal/db/repo/tests/testutil/db.go:26.19,28.3 1 0
github.com/dreamervulpi/tourney-helper/internal/db/repo/tests/testutil/db.go:30.2,30.44 1 0
github.com/dreamervulpi/tourney-helper/internal/db/repo/tests/testutil/db.go:30.44,32.3 1 0
github.com/dreamervulpi/tourney-helper/internal/db/repo/tests/testutil/db.go:34.2,34.11 1 0
github.com/dreamervulpi/tourney-helper/internal/db/repo/tests/testutil/db.go:37.40,44.2 2 0
github.com/dreamervulpi/tourney-helper/internal/db/repo/tests/testutil/db.go:46.30,57.2 4 0
github.com/dreamervulpi/tourney-helper/internal/db/repo/tests/testutil/fixture.go:52.7,74.2 5 0
github.com/dreamervulpi/tourney-helper/internal/db/repo/tests/testutil/fixture.go:80.3,99.2 3 0
github.com/dreamervulpi/tourney-helper/internal/db/repo/tests/testutil/fixture.go:105.7,129.2 5 0
github.com/dreamervulpi/tourney-helper/internal/db/repo/tests/testutil/fixture.go:135.7,163.2 5 0
github.com/dreamervulpi/tourney-helper/internal/db/repo/tests/testutil/fixture.go:169.9,199.2 5 0
github.com/dreamervulpi/tourney-helper/internal/db/repo/tests/testutil/repo.go:15.3,23.2 3 0
github.com/dreamervulpi/tourney-helper/internal/db/repo/tests/testutil/repo.go:29.3,37.2 3 0
github.com/dreamervulpi/tourney-helper/internal/db/repo/tests/testutil/repo.go:43.3,51.2 3 0
github.com/dreamervulpi/tourney-helper/internal/db/repo/tests/testutil/repo.go:55.57,64.2 3 0
github.com/dreamervulpi/tourney-helper/internal/db/repo/tests/testutil/repo.go:68.45,76.2 3 0
github.com/dreamervulpi/tourney-helper/internal/db/repo/participantAccounts.go:15.91,19.2 1 0
github.com/dreamervulpi/tourney-helper/internal/db/repo/participantAccounts.go:21.185,60.16 4 0
github.com/dreamervulpi/tourney-helper/internal/db/repo/participantAccounts.go:60.16,62.3 1 0
github.com/dreamervulpi/tourney-helper/internal/db/repo/participantAccounts.go:63.2,63.16 1 0
github.com/dreamervulpi/tourney-helper/internal/db/repo/participantAccounts.go:66.179,82.16 3 0
github.com/dreamervulpi/tourney-helper/internal/db/repo/participantAccounts.go:82.16,84.3 1 0
github.com/dreamervulpi/tourney-helper/internal/db/repo/participantAccounts.go:85.2,85.12 1 0
github.com/dreamervulpi/tourney-helper/internal/db/repo/participantAccounts.go:88.133,97.16 3 0
github.com/dreamervulpi/tourney-helper/internal/db/repo/participantAccounts.go:97.16,99.3 1 0
github.com/dreamervulpi/tourney-helper/internal/db/repo/participantAccounts.go:100.2,100.12 1 0
github.com/dreamervulpi/tourney-helper/internal/db/repo/participantAccounts.go:103.105,109.16 3 0
github.com/dreamervulpi/tourney-helper/internal/db/repo/participantAccounts.go:109.16,111.3 1 0
github.com/dreamervulpi/tourney-helper/internal/db/repo/participantAccounts.go:112.2,115.18 3 0
github.com/dreamervulpi/tourney-helper/internal/db/repo/participantAccounts.go:115.18,127.17 3 0
github.com/dreamervulpi/tourney-helper/internal/db/repo/participantAccounts.go:127.17,129.4 1 0
github.com/dreamervulpi/tourney-helper/internal/db/repo/participantAccounts.go:130.3,130.34 1 0
github.com/dreamervulpi/tourney-helper/internal/db/repo/participantAccounts.go:133.2,133.34 1 0
github.com/dreamervulpi/tourney-helper/internal/db/repo/participantAccounts.go:133.34,135.3 1 0
github.com/dreamervulpi/tourney-helper/internal/db/repo/participantAccounts.go:137.2,137.22 1 0
github.com/dreamervulpi/tourney-helper/internal/db/repo/participantAccounts.go:140.141,156.16 4 0
github.com/dreamervulpi/tourney-helper/internal/db/repo/participantAccounts.go:156.16,158.3 1 0
github.com/dreamervulpi/tourney-helper/internal/db/repo/participantAccounts.go:159.2,159.21 1 0
github.com/dreamervulpi/tourney-helper/internal/db/repo/participantAccounts.go:162.141,178.16 4 0
github.com/dreamervulpi/tourney-helper/internal/db/repo/participantAccounts.go:178.16,180.3 1 0
github.com/dreamervulpi/tourney-helper/internal/db/repo/participantAccounts.go:181.2,181.21 1 0
github.com/dreamervulpi/tourney-helper/internal/db/repo/participantAccounts.go:184.131,189.16 3 0
github.com/dreamervulpi/tourney-helper/internal/db/repo/participantAccounts.go:189.16,191.3 1 0
github.com/dreamervulpi/tourney-helper/internal/db/repo/participantAccounts.go:193.2,194.16 2 0
github.com/dreamervulpi/tourney-helper/internal/db/repo/participantAccounts.go:194.16,196.3 1 0
github.com/dreamervulpi/tourney-helper/internal/db/repo/participantAccounts.go:197.2,197.15 1 0
github.com/dreamervulpi/tourney-helper/internal/db/repo/participantAccounts.go:197.15,199.3 1 0
github.com/dreamervulpi/tourney-helper/internal/db/repo/participantAccounts.go:201.2,201.12 1 0
github.com/dreamervulpi/tourney-helper/internal/db/repo/participantBans.go:18.83,22.2 1 0
github.com/dreamervulpi/tourney-helper/internal/db/repo/participantBans.go:24.137,42.16 4 0
github.com/dreamervulpi/tourney-helper/internal/db/repo/participantBans.go:42.16,44.3 1 0
github.com/dreamervulpi/tourney-helper/internal/db/repo/participantBans.go:45.2,45.16 1 0
github.com/dreamervulpi/tourney-helper/internal/db/repo/participantBans.go:47.131,54.16 3 0
github.com/dreamervulpi/tourney-helper/internal/db/repo/participantBans.go:54.16,56.3 1 0
github.com/dreamervulpi/tourney-helper/internal/db/repo/participantBans.go:58.2,58.12 1 0
github.com/dreamervulpi/tourney-helper/internal/db/repo/participantBans.go:60.81,65.16 3 0
github.com/dreamervulpi/tourney-helper/internal/db/repo/participantBans.go:65.16,67.3 1 0
github.com/dreamervulpi/tourney-helper/internal/db/repo/participantBans.go:69.2,70.16 2 0
github.com/dreamervulpi/tourney-helper/internal/db/repo/participantBans.go:70.16,72.3 1 0
github.com/dreamervulpi/tourney-helper/internal/db/repo/participantBans.go:73.2,73.15 1 0
github.com/dreamervulpi/tourney-helper/internal/db/repo/participantBans.go:73.15,75.3 1 0
github.com/dreamervulpi/tourney-helper/internal/db/repo/participantBans.go:77.2,77.12 1 0
github.com/dreamervulpi/tourney-helper/internal/db/repo/participantBans.go:80.68,86.16 4 0
github.com/dreamervulpi/tourney-helper/internal/db/repo/participantBans.go:86.16,88.3 1 0
github.com/dreamervulpi/tourney-helper/internal/db/repo/participantBans.go:89.2,89.12 1 0
github.com/dreamervulpi/tourney-helper/internal/db/repo/participantBans.go:92.92,107.16 4 0
github.com/dreamervulpi/tourney-helper/internal/db/repo/participantBans.go:107.16,109.3 1 0
github.com/dreamervulpi/tourney-helper/internal/db/repo/participantBans.go:110.2,110.17 1 0
github.com/dreamervulpi/tourney-helper/internal/db/repo/participantBans.go:113.90,123.2 4 0
github.com/dreamervulpi/tourney-helper/internal/db/repo/participantBans.go:125.72,131.16 4 0
github.com/dreamervulpi/tourney-helper/internal/db/repo/participantBans.go:131.16,133.3 1 0
github.com/dreamervulpi/tourney-helper/internal/db/repo/participantBans.go:134.2,134.16 1 0
github.com/dreamervulpi/tourney-helper/internal/db/repo/participantBans.go:137.196,190.16 3 0
github.com/dreamervulpi/tourney-helper/internal/db/repo/participantBans.go:190.16,192.3 1 0
github.com/dreamervulpi/tourney-helper/internal/db/repo/participantBans.go:193.2,196.18 3 0
github.com/dreamervulpi/tourney-helper/internal/db/repo/participantBans.go:196.18,241.17 4 0
github.com/dreamervulpi/tourney-helper/internal/db/repo/participantBans.go:241.17,243.4 1 0
github.com/dreamervulpi/tourney-helper/internal/db/repo/participantBans.go:245.3,262.25 18 0
github.com/dreamervulpi/tourney-helper/internal/db/repo/participantBans.go:262.25,264.4 1 0
github.com/dreamervulpi/tourney-helper/internal/db/repo/participantBans.go:264.9,266.4 1 0
github.com/dreamervulpi/tourney-helper/internal/db/repo/participantBans.go:268.3,268.26 1 0
github.com/dreamervulpi/tourney-helper/internal/db/repo/participantBans.go:268.26,270.4 1 0
github.com/dreamervulpi/tourney-helper/internal/db/repo/participantBans.go:270.9,272.4 1 0
github.com/dreamervulpi/tourney-helper/internal/db/repo/participantBans.go:274.3,274.27 1 0
github.com/dreamervulpi/tourney-helper/internal/db/repo/participantBans.go:277.2,277.34 1 0
github.com/dreamervulpi/tourney-helper/internal/db/repo/participantBans.go:277.34,279.3 1 0
github.com/dreamervulpi/tourney-helper/internal/db/repo/participantBans.go:280.2,280.18 1 0
github.com/dreamervulpi/tourney-helper/internal/db/repo/participantStats.go:15.85,19.2 1 0
github.com/dreamervulpi/tourney-helper/internal/db/repo/participantStats.go:21.129,42.16 4 0
github.com/dreamervulpi/tourney-helper/internal/db/repo/participantStats.go:42.16,44.3 1 0
github.com/dreamervulpi/tourney-helper/internal/db/repo/participantStats.go:45.2,45.16 1 0
github.com/dreamervulpi/tourney-helper/internal/db/repo/participantStats.go:48.123,61.16 3 0
github.com/dreamervulpi/tourney-helper/internal/db/repo/participantStats.go:61.16,63.3 1 0
github.com/dreamervulpi/tourney-helper/internal/db/repo/participantStats.go:64.2,64.12 1 0
github.com/dreamervulpi/tourney-helper/internal/db/repo/participantStats.go:67.114,73.16 3 0
github.com/dreamervulpi/tourney-helper/internal/db/repo/participantStats.go:73.16,75.3 1 0
github.com/dreamervulpi/tourney-helper/internal/db/repo/participantStats.go:77.2,78.16 2 0
github.com/dreamervulpi/tourney-helper/internal/db/repo/participantStats.go:78.16,80.3 1 0
github.com/dreamervulpi/tourney-helper/internal/db/repo/participantStats.go:81.2,81.15 1 0
github.com/dreamervulpi/tourney-helper/internal/db/repo/participantStats.go:81.15,83.3 1 0
github.com/dreamervulpi/tourney-helper/internal/db/repo/participantStats.go:84.2,84.12 1 0
github.com/dreamervulpi/tourney-helper/internal/db/repo/participantStats.go:87.101,93.16 3 0
github.com/dreamervulpi/tourney-helper/internal/db/repo/participantStats.go:93.16,95.3 1 0
github.com/dreamervulpi/tourney-helper/internal/db/repo/participantStats.go:97.2,98.16 2 0
github.com/dreamervulpi/tourney-helper/internal/db/repo/participantStats.go:98.16,100.3 1 0
github.com/dreamervulpi/tourney-helper/internal/db/repo/participantStats.go:101.2,101.15 1 0
github.com/dreamervulpi/tourney-helper/internal/db/repo/participantStats.go:101.15,103.3 1 0
github.com/dreamervulpi/tourney-helper/internal/db/repo/participantStats.go:104.2,104.12 1 0
github.com/dreamervulpi/tourney-helper/internal/db/repo/participantStats.go:107.110,114.16 3 0
github.com/dreamervulpi/tourney-helper/internal/db/repo/participantStats.go:114.16,116.3 1 0
github.com/dreamervulpi/tourney-helper/internal/db/repo/participantStats.go:117.2,120.18 3 0
github.com/dreamervulpi/tourney-helper/internal/db/repo/participantStats.go:120.18,130.17 3 0
github.com/dreamervulpi/tourney-helper/internal/db/repo/participantStats.go:130.17,132.4 1 0
github.com/dreamervulpi/tourney-helper/internal/db/repo/participantStats.go:133.3,133.28 1 0
github.com/dreamervulpi/tourney-helper/internal/db/repo/participantStats.go:136.2,136.34 1 0
github.com/dreamervulpi/tourney-helper/internal/db/repo/participantStats.go:136.34,138.3 1 0
github.com/dreamervulpi/tourney-helper/internal/db/repo/participantStats.go:139.2,139.19 1 0
github.com/dreamervulpi/tourney-helper/internal/db/repo/participantStats.go:142.127,157.16 4 0
github.com/dreamervulpi/tourney-helper/internal/db/repo/participantStats.go:157.16,159.3 1 0
github.com/dreamervulpi/tourney-helper/internal/db/repo/participantStats.go:160.2,160.18 1 0
github.com/dreamervulpi/tourney-helper/internal/db/repo/participantStats.go:163.84,170.16 3 0
github.com/dreamervulpi/tourney-helper/internal/db/repo/participantStats.go:170.16,172.3 1 0
github.com/dreamervulpi/tourney-helper/internal/db/repo/participantStats.go:174.2,175.16 2 0
github.com/dreamervulpi/tourney-helper/internal/db/repo/participantStats.go:175.16,177.3 1 0
github.com/dreamervulpi/tourney-helper/internal/db/repo/participantStats.go:178.2,178.15 1 0
github.com/dreamervulpi/tourney-helper/internal/db/repo/participantStats.go:178.15,180.3 1 0
github.com/dreamervulpi/tourney-helper/internal/db/repo/participantStats.go:181.2,181.12 1 0
github.com/dreamervulpi/tourney-helper/internal/db/repo/participants.go:18.76,22.2 1 0
github.com/dreamervulpi/tourney-helper/internal/db/repo/participants.go:24.109,54.16 4 0
github.com/dreamervulpi/tourney-helper/internal/db/repo/participants.go:54.16,56.3 1 0
github.com/dreamervulpi/tourney-helper/internal/db/repo/participants.go:57.2,57.16 1 0
github.com/dreamervulpi/tourney-helper/internal/db/repo/participants.go:60.111,67.16 3 0
github.com/dreamervulpi/tourney-helper/internal/db/repo/participants.go:67.16,69.3 1 0
github.com/dreamervulpi/tourney-helper/internal/db/repo/participants.go:71.2,72.16 2 0
github.com/dreamervulpi/tourney-helper/internal/db/repo/participants.go:72.16,74.3 1 0
github.com/dreamervulpi/tourney-helper/internal/db/repo/participants.go:75.2,75.15 1 0
github.com/dreamervulpi/tourney-helper/internal/db/repo/participants.go:75.15,77.3 1 0
github.com/dreamervulpi/tourney-helper/internal/db/repo/participants.go:79.2,79.12 1 0
github.com/dreamervulpi/tourney-helper/internal/db/repo/participants.go:82.89,96.16 4 0
github.com/dreamervulpi/tourney-helper/internal/db/repo/participants.go:96.16,98.3 1 0
github.com/dreamervulpi/tourney-helper/internal/db/repo/participants.go:99.2,99.25 1 0
github.com/dreamervulpi/tourney-helper/internal/db/repo/participants.go:102.104,116.16 4 0
github.com/dreamervulpi/tourney-helper/internal/db/repo/participants.go:116.16,118.3 1 0
github.com/dreamervulpi/tourney-helper/internal/db/repo/participants.go:119.2,119.25 1 0
github.com/dreamervulpi/tourney-helper/internal/db/repo/participants.go:122.86,131.16 4 0
github.com/dreamervulpi/tourney-helper/internal/db/repo/participants.go:131.16,133.3 1 0
github.com/dreamervulpi/tourney-helper/internal/db/repo/participants.go:134.2,134.16 1 0
github.com/dreamervulpi/tourney-helper/internal/db/repo/participants.go:136.100,150.16 4 0
github.com/dreamervulpi/tourney-helper/internal/db/repo/participants.go:150.16,152.3 1 0
github.com/dreamervulpi/tourney-helper/internal/db/repo/participants.go:153.2,153.16 1 0
github.com/dreamervulpi/tourney-helper/internal/db/repo/participants.go:156.187,203.16 3 0
github.com/dreamervulpi/tourney-helper/internal/db/repo/participants.go:203.16,205.3 1 0
github.com/dreamervulpi/tourney-helper/internal/db/repo/participants.go:206.2,209.18 3 0
github.com/dreamervulpi/tourney-helper/internal/db/repo/participants.go:209.18,250.17 4 0
github.com/dreamervulpi/tourney-helper/internal/db/repo/participants.go:250.17,252.4 1 0
github.com/dreamervulpi/tourney-helper/internal/db/repo/participants.go:254.3,271.25 18 0
github.com/dreamervulpi/tourney-helper/internal/db/repo/participants.go:271.25,273.4 1 0
github.com/dreamervulpi/tourney-helper/internal/db/repo/participants.go:273.9,275.4 1 0
github.com/dreamervulpi/tourney-helper/internal/db/repo/participants.go:277.3,277.26 1 0
github.com/dreamervulpi/tourney-helper/internal/db/repo/participants.go:277.26,279.4 1 0
github.com/dreamervulpi/tourney-helper/internal/db/repo/participants.go:279.9,281.4 1 0
github.com/dreamervulpi/tourney-helper/internal/db/repo/participants.go:283.3,283.27 1 0
github.com/dreamervulpi/tourney-helper/internal/db/repo/participants.go:286.2,286.34 1 0
github.com/dreamervulpi/tourney-helper/internal/db/repo/participants.go:286.34,288.3 1 0
github.com/dreamervulpi/tourney-helper/internal/db/repo/participants.go:289.2,289.18 1 0
github.com/dreamervulpi/tourney-helper/internal/db/repo/participants.go:292.199,340.16 3 0
github.com/dreamervulpi/tourney-helper/internal/db/repo/participants.go:340.16,342.3 1 0
github.com/dreamervulpi/tourney-helper/internal/db/repo/participants.go:343.2,346.18 3 0
github.com/dreamervulpi/tourney-helper/internal/db/repo/participants.go:346.18,387.17 4 0
github.com/dreamervulpi/tourney-helper/internal/db/repo/participants.go:387.17,389.4 1 0
github.com/dreamervulpi/tourney-helper/internal/db/repo/participants.go:391.3,408.25 18 0
github.com/dreamervulpi/tourney-helper/internal/db/repo/participants.go:408.25,410.4 1 0
github.com/dreamervulpi/tourney-helper/internal/db/repo/participants.go:410.9,412.4 1 0
github.com/dreamervulpi/tourney-helper/internal/db/repo/participants.go:414.3,414.26 1 0
github.com/dreamervulpi/tourney-helper/internal/db/repo/participants.go:414.26,416.4 1 0
github.com/dreamervulpi/tourney-helper/internal/db/repo/participants.go:416.9,418.4 1 0
github.com/dreamervulpi/tourney-helper/internal/db/repo/participants.go:420.3,420.27 1 0
github.com/dreamervulpi/tourney-helper/internal/db/repo/participants.go:423.2,423.34 1 0
github.com/dreamervulpi/tourney-helper/internal/db/repo/participants.go:423.34,425.3 1 0
github.com/dreamervulpi/tourney-helper/internal/db/repo/participants.go:426.2,426.18 1 0
github.com/dreamervulpi/tourney-helper/internal/db/repo/participants.go:429.63,434.16 3 0
github.com/dreamervulpi/tourney-helper/internal/db/repo/participants.go:434.16,436.3 1 0
github.com/dreamervulpi/tourney-helper/internal/db/repo/participants.go:438.2,439.16 2 0
github.com/dreamervulpi/tourney-helper/internal/db/repo/participants.go:439.16,441.3 1 0
github.com/dreamervulpi/tourney-helper/internal/db/repo/participants.go:442.2,442.15 1 0
github.com/dreamervulpi/tourney-helper/internal/db/repo/participants.go:442.15,444.3 1 0
github.com/dreamervulpi/tourney-helper/internal/db/repo/participants.go:446.2,446.12 1 0
github.com/dreamervulpi/tourney-helper/internal/db/repo/sentset.go:16.67,20.2 1 0
github.com/dreamervulpi/tourney-helper/internal/db/repo/sentset.go:22.74,30.2 4 1
github.com/dreamervulpi/tourney-helper/internal/db/repo/sentset.go:32.214,45.16 4 1
github.com/dreamervulpi/tourney-helper/internal/db/repo/sentset.go:45.16,46.45 1 0
github.com/dreamervulpi/tourney-helper/internal/db/repo/sentset.go:46.45,48.4 1 0
github.com/dreamervulpi/tourney-helper/internal/db/repo/sentset.go:49.3,49.72 1 0
github.com/dreamervulpi/tourney-helper/internal/db/repo/sentset.go:51.2,51.16 1 1
github.com/dreamervulpi/tourney-helper/internal/db/repo/sentset.go:54.81,69.16 4 1
github.com/dreamervulpi/tourney-helper/internal/db/repo/sentset.go:69.16,71.3 1 1
github.com/dreamervulpi/tourney-helper/internal/db/repo/sentset.go:72.2,72.21 1 1
github.com/dreamervulpi/tourney-helper/internal/db/repo/sentset.go:75.63,80.16 3 1
github.com/dreamervulpi/tourney-helper/internal/db/repo/sentset.go:80.16,82.3 1 0
github.com/dreamervulpi/tourney-helper/internal/db/repo/sentset.go:84.2,85.16 2 1
github.com/dreamervulpi/tourney-helper/internal/db/repo/sentset.go:85.16,87.3 1 0
github.com/dreamervulpi/tourney-helper/internal/db/repo/sentset.go:88.2,88.15 1 1
github.com/dreamervulpi/tourney-helper/internal/db/repo/sentset.go:88.15,90.3 1 1
github.com/dreamervulpi/tourney-helper/internal/db/repo/sentset.go:92.2,92.12 1 1
github.com/dreamervulpi/tourney-helper/internal/db/repo/sentset.go:95.210,101.16 3 1
github.com/dreamervulpi/tourney-helper/internal/db/repo/sentset.go:101.16,103.3 1 0
github.com/dreamervulpi/tourney-helper/internal/db/repo/sentset.go:105.2,106.16 2 1
github.com/dreamervulpi/tourney-helper/internal/db/repo/sentset.go:106.16,108.3 1 0
github.com/dreamervulpi/tourney-helper/internal/db/repo/sentset.go:109.2,109.15 1 1
github.com/dreamervulpi/tourney-helper/internal/db/repo/sentset.go:109.15,111.3 1 0
github.com/dreamervulpi/tourney-helper/internal/db/repo/sentset.go:113.2,113.12 1 1
github.com/dreamervulpi/tourney-helper/internal/db/repo/tests/testutil/assert.go:8.46,11.16 2 1
github.com/dreamervulpi/tourney-helper/internal/db/repo/tests/testutil/assert.go:11.16,13.3 1 0
github.com/dreamervulpi/tourney-helper/internal/db/repo/tests/testutil/assert.go:16.44,19.16 2 1
github.com/dreamervulpi/tourney-helper/internal/db/repo/tests/testutil/assert.go:19.16,21.3 1 0
github.com/dreamervulpi/tourney-helper/internal/db/repo/tests/testutil/assert.go:28.3,31.42 2 1
github.com/dreamervulpi/tourney-helper/internal/db/repo/tests/testutil/assert.go:31.42,37.3 1 0
github.com/dreamervulpi/tourney-helper/internal/db/repo/tests/testutil/assert.go:40.63,43.17 2 0
github.com/dreamervulpi/tourney-helper/internal/db/repo/tests/testutil/assert.go:43.17,45.3 1 0
github.com/dreamervulpi/tourney-helper/internal/db/repo/tests/testutil/assert.go:48.44,51.12 2 0
github.com/dreamervulpi/tourney-helper/internal/db/repo/tests/testutil/assert.go:51.12,53.3 1 0
github.com/dreamervulpi/tourney-helper/internal/db/repo/tests/testutil/assert.go:56.45,59.11 2 0
github.com/dreamervulpi/tourney-helper/internal/db/repo/tests/testutil/assert.go:59.11,61.3 1 0
github.com/dreamervulpi/tourney-helper/internal/db/repo/tests/testutil/assert.go:64.42,67.19 2 0
github.com/dreamervulpi/tourney-helper/internal/db/repo/tests/testutil/assert.go:67.19,69.3 1 0
github.com/dreamervulpi/tourney-helper/internal/db/repo/tests/testutil/assert.go:72.45,75.18 2 1
github.com/dreamervulpi/tourney-helper/internal/db/repo/tests/testutil/assert.go:75.18,77.3 1 0
github.com/dreamervulpi/tourney-helper/internal/db/repo/tests/testutil/assert.go:80.28,81.18 1 1
github.com/dreamervulpi/tourney-helper/internal/db/repo/tests/testutil/assert.go:81.18,83.3 1 0
github.com/dreamervulpi/tourney-helper/internal/db/repo/tests/testutil/assert.go:85.2,87.18 2 1
github.com/dreamervulpi/tourney-helper/internal/db/repo/tests/testutil/assert.go:93.17,94.19 1 1
github.com/dreamervulpi/tourney-helper/internal/db/repo/tests/testutil/assert.go:95.10,96.15 1 0
github.com/dreamervulpi/tourney-helper/internal/db/repo/tests/testutil/assert.go:100.52,103.22 2 0
github.com/dreamervulpi/tourney-helper/internal/db/repo/tests/testutil/assert.go:103.22,105.3 1 0
github.com/dreamervulpi/tourney-helper/internal/db/repo/tests/testutil/assert.go:108.55,111.22 2 0
github.com/dreamervulpi/tourney-helper/internal/db/repo/tests/testutil/assert.go:111.22,113.3 1 0
github.com/dreamervulpi/tourney-helper/internal/db/repo/tests/testutil/db.go:15.38,22.16 3 1
github.com/dreamervulpi/tourney-helper/internal/db/repo/tests/testutil/db.go:22.16,24.3 1 0
github.com/dreamervulpi/tourney-helper/internal/db/repo/tests/testutil/db.go:26.2,26.19 1 1
github.com/dreamervulpi/tourney-helper/internal/db/repo/tests/testutil/db.go:26.19,28.3 1 1
github.com/dreamervulpi/tourney-helper/internal/db/repo/tests/testutil/db.go:30.2,30.44 1 1
github.com/dreamervulpi/tourney-helper/internal/db/repo/tests/testutil/db.go:30.44,32.3 1 0
github.com/dreamervulpi/tourney-helper/internal/db/repo/tests/testutil/db.go:34.2,34.11 1 1
github.com/dreamervulpi/tourney-helper/internal/db/repo/tests/testutil/db.go:37.40,44.2 2 1
github.com/dreamervulpi/tourney-helper/internal/db/repo/tests/testutil/db.go:46.30,57.2 4 1
github.com/dreamervulpi/tourney-helper/internal/db/repo/tests/testutil/fixture.go:52.7,74.2 5 0
github.com/dreamervulpi/tourney-helper/internal/db/repo/tests/testutil/fixture.go:80.3,99.2 3 0
github.com/dreamervulpi/tourney-helper/internal/db/repo/tests/testutil/fixture.go:105.7,129.2 5 0
github.com/dreamervulpi/tourney-helper/internal/db/repo/tests/testutil/fixture.go:135.7,163.2 5 0
github.com/dreamervulpi/tourney-helper/internal/db/repo/tests/testutil/fixture.go:169.9,199.2 5 1
github.com/dreamervulpi/tourney-helper/internal/db/repo/tests/testutil/repo.go:15.3,23.2 3 0
github.com/dreamervulpi/tourney-helper/internal/db/repo/tests/testutil/repo.go:29.3,37.2 3 0
github.com/dreamervulpi/tourney-helper/internal/db/repo/tests/testutil/repo.go:43.3,51.2 3 0
github.com/dreamervulpi/tourney-helper/internal/db/repo/tests/testutil/repo.go:55.57,64.2 3 0
github.com/dreamervulpi/tourney-helper/internal/db/repo/tests/testutil/repo.go:68.45,76.2 3 1
github.com/dreamervulpi/tourney-helper/internal/db/repo/participantAccounts.go:15.91,19.2 1 0
github.com/dreamervulpi/tourney-helper/internal/db/repo/participantAccounts.go:21.185,60.16 4 0
github.com/dreamervulpi/tourney-helper/internal/db/repo/participantAccounts.go:60.16,62.3 1 0
github.com/dreamervulpi/tourney-helper/internal/db/repo/participantAccounts.go:63.2,63.16 1 0
github.com/dreamervulpi/tourney-helper/internal/db/repo/participantAccounts.go:66.179,82.16 3 0
github.com/dreamervulpi/tourney-helper/internal/db/repo/participantAccounts.go:82.16,84.3 1 0
github.com/dreamervulpi/tourney-helper/internal/db/repo/participantAccounts.go:85.2,85.12 1 0
github.com/dreamervulpi/tourney-helper/internal/db/repo/participantAccounts.go:88.133,97.16 3 0
github.com/dreamervulpi/tourney-helper/internal/db/repo/participantAccounts.go:97.16,99.3 1 0
github.com/dreamervulpi/tourney-helper/internal/db/repo/participantAccounts.go:100.2,100.12 1 0
github.com/dreamervulpi/tourney-helper/internal/db/repo/participantAccounts.go:103.105,109.16 3 0
github.com/dreamervulpi/tourney-helper/internal/db/repo/participantAccounts.go:109.16,111.3 1 0
github.com/dreamervulpi/tourney-helper/internal/db/repo/participantAccounts.go:112.2,115.18 3 0
github.com/dreamervulpi/tourney-helper/internal/db/repo/participantAccounts.go:115.18,127.17 3 0
github.com/dreamervulpi/tourney-helper/internal/db/repo/participantAccounts.go:127.17,129.4 1 0
github.com/dreamervulpi/tourney-helper/internal/db/repo/participantAccounts.go:130.3,130.34 1 0
github.com/dreamervulpi/tourney-helper/internal/db/repo/participantAccounts.go:133.2,133.34 1 0
github.com/dreamervulpi/tourney-helper/internal/db/repo/participantAccounts.go:133.34,135.3 1 0
github.com/dreamervulpi/tourney-helper/internal/db/repo/participantAccounts.go:137.2,137.22 1 0
github.com/dreamervulpi/tourney-helper/internal/db/repo/participantAccounts.go:140.141,156.16 4 0
github.com/dreamervulpi/tourney-helper/internal/db/repo/participantAccounts.go:156.16,158.3 1 0
github.com/dreamervulpi/tourney-helper/internal/db/repo/participantAccounts.go:159.2,159.21 1 0
github.com/dreamervulpi/tourney-helper/internal/db/repo/participantAccounts.go:162.141,178.16 4 0
github.com/dreamervulpi/tourney-helper/internal/db/repo/participantAccounts.go:178.16,180.3 1 0
github.com/dreamervulpi/tourney-helper/internal/db/repo/participantAccounts.go:181.2,181.21 1 0
github.com/dreamervulpi/tourney-helper/internal/db/repo/participantAccounts.go:184.131,189.16 3 0
github.com/dreamervulpi/tourney-helper/internal/db/repo/participantAccounts.go:189.16,191.3 1 0
github.com/dreamervulpi/tourney-helper/internal/db/repo/participantAccounts.go:193.2,194.16 2 0
github.com/dreamervulpi/tourney-helper/internal/db/repo/participantAccounts.go:194.16,196.3 1 0
github.com/dreamervulpi/tourney-helper/internal/db/repo/participantAccounts.go:197.2,197.15 1 0
github.com/dreamervulpi/tourney-helper/internal/db/repo/participantAccounts.go:197.15,199.3 1 0
github.com/dreamervulpi/tourney-helper/internal/db/repo/participantAccounts.go:201.2,201.12 1 0
github.com/dreamervulpi/tourney-helper/internal/db/repo/participantBans.go:18.83,22.2 1 0
github.com/dreamervulpi/tourney-helper/internal/db/repo/participantBans.go:24.137,42.16 4 0
github.com/dreamervulpi/tourney-helper/internal/db/repo/participantBans.go:42.16,44.3 1 0
github.com/dreamervulpi/tourney-helper/internal/db/repo/participantBans.go:45.2,45.16 1 0
github.com/dreamervulpi/tourney-helper/internal/db/repo/participantBans.go:47.131,54.16 3 0
github.com/dreamervulpi/tourney-helper/internal/db/repo/participantBans.go:54.16,56.3 1 0
github.com/dreamervulpi/tourney-helper/internal/db/repo/participantBans.go:58.2,58.12 1 0
github.com/dreamervulpi/tourney-helper/internal/db/repo/participantBans.go:60.81,65.16 3 0
github.com/dreamervulpi/tourney-helper/internal/db/repo/participantBans.go:65.16,67.3 1 0
github.com/dreamervulpi/tourney-helper/internal/db/repo/participantBans.go:69.2,70.16 2 0
github.com/dreamervulpi/tourney-helper/internal/db/repo/participantBans.go:70.16,72.3 1 0
github.com/dreamervulpi/tourney-helper/internal/db/repo/participantBans.go:73.2,73.15 1 0
github.com/dreamervulpi/tourney-helper/internal/db/repo/participantBans.go:73.15,75.3 1 0
github.com/dreamervulpi/tourney-helper/internal/db/repo/participantBans.go:77.2,77.12 1 0
github.com/dreamervulpi/tourney-helper/internal/db/repo/participantBans.go:80.68,86.16 4 0
github.com/dreamervulpi/tourney-helper/internal/db/repo/participantBans.go:86.16,88.3 1 0
github.com/dreamervulpi/tourney-helper/internal/db/repo/participantBans.go:89.2,89.12 1 0
github.com/dreamervulpi/tourney-helper/internal/db/repo/participantBans.go:92.92,107.16 4 0
github.com/dreamervulpi/tourney-helper/internal/db/repo/participantBans.go:107.16,109.3 1 0
github.com/dreamervulpi/tourney-helper/internal/db/repo/participantBans.go:110.2,110.17 1 0
github.com/dreamervulpi/tourney-helper/internal/db/repo/participantBans.go:113.90,123.2 4 0
github.com/dreamervulpi/tourney-helper/internal/db/repo/participantBans.go:125.72,131.16 4 0
github.com/dreamervulpi/tourney-helper/internal/db/repo/participantBans.go:131.16,133.3 1 0
github.com/dreamervulpi/tourney-helper/internal/db/repo/participantBans.go:134.2,134.16 1 0
github.com/dreamervulpi/tourney-helper/internal/db/repo/participantBans.go:137.196,190.16 3 0
github.com/dreamervulpi/tourney-helper/internal/db/repo/participantBans.go:190.16,192.3 1 0
github.com/dreamervulpi/tourney-helper/internal/db/repo/participantBans.go:193.2,196.18 3 0
github.com/dreamervulpi/tourney-helper/internal/db/repo/participantBans.go:196.18,241.17 4 0
github.com/dreamervulpi/tourney-helper/internal/db/repo/participantBans.go:241.17,243.4 1 0
github.com/dreamervulpi/tourney-helper/internal/db/repo/participantBans.go:245.3,262.25 18 0
github.com/dreamervulpi/tourney-helper/internal/db/repo/participantBans.go:262.25,264.4 1 0
github.com/dreamervulpi/tourney-helper/internal/db/repo/participantBans.go:264.9,266.4 1 0
github.com/dreamervulpi/tourney-helper/internal/db/repo/participantBans.go:268.3,268.26 1 0
github.com/dreamervulpi/tourney-helper/internal/db/repo/participantBans.go:268.26,270.4 1 0
github.com/dreamervulpi/tourney-helper/internal/db/repo/participantBans.go:270.9,272.4 1 0
github.com/dreamervulpi/tourney-helper/internal/db/repo/participantBans.go:274.3,274.27 1 0
github.com/dreamervulpi/tourney-helper/internal/db/repo/participantBans.go:277.2,277.34 1 0
github.com/dreamervulpi/tourney-helper/internal/db/repo/participantBans.go:277.34,279.3 1 0
github.com/dreamervulpi/tourney-helper/internal/db/repo/participantBans.go:280.2,280.18 1 0
github.com/dreamervulpi/tourney-helper/internal/db/repo/participantStats.go:15.85,19.2 1 0
github.com/dreamervulpi/tourney-helper/internal/db/repo/participantStats.go:21.129,42.16 4 1
github.com/dreamervulpi/tourney-helper/internal/db/repo/participantStats.go:42.16,44.3 1 0
github.com/dreamervulpi/tourney-helper/internal/db/repo/participantStats.go:45.2,45.16 1 1
github.com/dreamervulpi/tourney-helper/internal/db/repo/participantStats.go:48.123,61.16 3 1
github.com/dreamervulpi/tourney-helper/internal/db/repo/participantStats.go:61.16,63.3 1 0
github.com/dreamervulpi/tourney-helper/internal/db/repo/participantStats.go:64.2,64.12 1 1
github.com/dreamervulpi/tourney-helper/internal/db/repo/participantStats.go:67.114,73.16 3 1
github.com/dreamervulpi/tourney-helper/internal/db/repo/participantStats.go:73.16,75.3 1 0
github.com/dreamervulpi/tourney-helper/internal/db/repo/participantStats.go:77.2,78.16 2 1
github.com/dreamervulpi/tourney-helper/internal/db/repo/participantStats.go:78.16,80.3 1 0
github.com/dreamervulpi/tourney-helper/internal/db/repo/participantStats.go:81.2,81.15 1 1
github.com/dreamervulpi/tourney-helper/internal/db/repo/participantStats.go:81.15,83.3 1 1
github.com/dreamervulpi/tourney-helper/internal/db/repo/participantStats.go:84.2,84.12 1 1
github.com/dreamervulpi/tourney-helper/internal/db/repo/participantStats.go:87.101,93.16 3 1
github.com/dreamervulpi/tourney-helper/internal/db/repo/participantStats.go:93.16,95.3 1 0
github.com/dreamervulpi/tourney-helper/internal/db/repo/participantStats.go:97.2,98.16 2 1
github.com/dreamervulpi/tourney-helper/internal/db/repo/participantStats.go:98.16,100.3 1 0
github.com/dreamervulpi/tourney-helper/internal/db/repo/participantStats.go:101.2,101.15 1 1
github.com/dreamervulpi/tourney-helper/internal/db/repo/participantStats.go:101.15,103.3 1 1
github.com/dreamervulpi/tourney-helper/internal/db/repo/participantStats.go:104.2,104.12 1 1
github.com/dreamervulpi/tourney-helper/internal/db/repo/participantStats.go:107.110,114.16 3 1
github.com/dreamervulpi/tourney-helper/internal/db/repo/participantStats.go:114.16,116.3 1 0
github.com/dreamervulpi/tourney-helper/internal/db/repo/participantStats.go:117.2,120.18 3 1
github.com/dreamervulpi/tourney-helper/internal/db/repo/participantStats.go:120.18,130.17 3 1
github.com/dreamervulpi/tourney-helper/internal/db/repo/participantStats.go:130.17,132.4 1 0
github.com/dreamervulpi/tourney-helper/internal/db/repo/participantStats.go:133.3,133.28 1 1
github.com/dreamervulpi/tourney-helper/internal/db/repo/participantStats.go:136.2,136.34 1 1
github.com/dreamervulpi/tourney-helper/internal/db/repo/participantStats.go:136.34,138.3 1 0
github.com/dreamervulpi/tourney-helper/internal/db/repo/participantStats.go:139.2,139.19 1 1
github.com/dreamervulpi/tourney-helper/internal/db/repo/participantStats.go:142.127,157.16 4 1
github.com/dreamervulpi/tourney-helper/internal/db/repo/participantStats.go:157.16,159.3 1 1
github.com/dreamervulpi/tourney-helper/internal/db/repo/participantStats.go:160.2,160.18 1 1
github.com/dreamervulpi/tourney-helper/internal/db/repo/participantStats.go:163.84,170.16 3 1
github.com/dreamervulpi/tourney-helper/internal/db/repo/participantStats.go:170.16,172.3 1 0
github.com/dreamervulpi/tourney-helper/internal/db/repo/participantStats.go:174.2,175.16 2 1
github.com/dreamervulpi/tourney-helper/internal/db/repo/participantStats.go:175.16,177.3 1 0
github.com/dreamervulpi/tourney-helper/internal/db/repo/participantStats.go:178.2,178.15 1 1
github.com/dreamervulpi/tourney-helper/internal/db/repo/participantStats.go:178.15,180.3 1 0
github.com/dreamervulpi/tourney-helper/internal/db/repo/participantStats.go:181.2,181.12 1 1
github.com/dreamervulpi/tourney-helper/internal/db/repo/participants.go:18.76,22.2 1 0
github.com/dreamervulpi/tourney-helper/internal/db/repo/participants.go:24.109,54.16 4 0
github.com/dreamervulpi/tourney-helper/internal/db/repo/participants.go:54.16,56.3 1 0
github.com/dreamervulpi/tourney-helper/internal/db/repo/participants.go:57.2,57.16 1 0
github.com/dreamervulpi/tourney-helper/internal/db/repo/participants.go:60.111,67.16 3 0
github.com/dreamervulpi/tourney-helper/internal/db/repo/participants.go:67.16,69.3 1 0
github.com/dreamervulpi/tourney-helper/internal/db/repo/participants.go:71.2,72.16 2 0
github.com/dreamervulpi/tourney-helper/internal/db/repo/participants.go:72.16,74.3 1 0
github.com/dreamervulpi/tourney-helper/internal/db/repo/participants.go:75.2,75.15 1 0
github.com/dreamervulpi/tourney-helper/internal/db/repo/participants.go:75.15,77.3 1 0
github.com/dreamervulpi/tourney-helper/internal/db/repo/participants.go:79.2,79.12 1 0
github.com/dreamervulpi/tourney-helper/internal/db/repo/participants.go:82.89,96.16 4 0
github.com/dreamervulpi/tourney-helper/internal/db/repo/participants.go:96.16,98.3 1 0
github.com/dreamervulpi/tourney-helper/internal/db/repo/participants.go:99.2,99.25 1 0
github.com/dreamervulpi/tourney-helper/internal/db/repo/participants.go:102.104,116.16 4 0
github.com/dreamervulpi/tourney-helper/internal/db/repo/participants.go:116.16,118.3 1 0
github.com/dreamervulpi/tourney-helper/internal/db/repo/participants.go:119.2,119.25 1 0
github.com/dreamervulpi/tourney-helper/internal/db/repo/participants.go:122.86,131.16 4 0
github.com/dreamervulpi/tourney-helper/internal/db/repo/participants.go:131.16,133.3 1 0
github.com/dreamervulpi/tourney-helper/internal/db/repo/participants.go:134.2,134.16 1 0
github.com/dreamervulpi/tourney-helper/internal/db/repo/participants.go:136.100,150.16 4 0
github.com/dreamervulpi/tourney-helper/internal/db/repo/participants.go:150.16,152.3 1 0
github.com/dreamervulpi/tourney-helper/internal/db/repo/participants.go:153.2,153.16 1 0
github.com/dreamervulpi/tourney-helper/internal/db/repo/participants.go:156.187,203.16 3 0
github.com/dreamervulpi/tourney-helper/internal/db/repo/participants.go:203.16,205.3 1 0
github.com/dreamervulpi/tourney-helper/internal/db/repo/participants.go:206.2,209.18 3 0
github.com/dreamervulpi/tourney-helper/internal/db/repo/participants.go:209.18,250.17 4 0
github.com/dreamervulpi/tourney-helper/internal/db/repo/participants.go:250.17,252.4 1 0
github.com/dreamervulpi/tourney-helper/internal/db/repo/participants.go:254.3,271.25 18 0
github.com/dreamervulpi/tourney-helper/internal/db/repo/participants.go:271.25,273.4 1 0
github.com/dreamervulpi/tourney-helper/internal/db/repo/participants.go:273.9,275.4 1 0
github.com/dreamervulpi/tourney-helper/internal/db/repo/participants.go:277.3,277.26 1 0
github.com/dreamervulpi/tourney-helper/internal/db/repo/participants.go:277.26,279.4 1 0
github.com/dreamervulpi/tourney-helper/internal/db/repo/participants.go:279.9,281.4 1 0
github.com/dreamervulpi/tourney-helper/internal/db/repo/participants.go:283.3,283.27 1 0
github.com/dreamervulpi/tourney-helper/internal/db/repo/participants.go:286.2,286.34 1 0
github.com/dreamervulpi/tourney-helper/internal/db/repo/participants.go:286.34,288.3 1 0
github.com/dreamervulpi/tourney-helper/internal/db/repo/participants.go:289.2,289.18 1 0
github.com/dreamervulpi/tourney-helper/internal/db/repo/participants.go:292.199,340.16 3 0
github.com/dreamervulpi/tourney-helper/internal/db/repo/participants.go:340.16,342.3 1 0
github.com/dreamervulpi/tourney-helper/internal/db/repo/participants.go:343.2,346.18 3 0
github.com/dreamervulpi/tourney-helper/internal/db/repo/participants.go:346.18,387.17 4 0
github.com/dreamervulpi/tourney-helper/internal/db/repo/participants.go:387.17,389.4 1 0
github.com/dreamervulpi/tourney-helper/internal/db/repo/participants.go:391.3,408.25 18 0
github.com/dreamervulpi/tourney-helper/internal/db/repo/participants.go:408.25,410.4 1 0
github.com/dreamervulpi/tourney-helper/internal/db/repo/participants.go:410.9,412.4 1 0
github.com/dreamervulpi/tourney-helper/internal/db/repo/participants.go:414.3,414.26 1 0
github.com/dreamervulpi/tourney-helper/internal/db/repo/participants.go:414.26,416.4 1 0
github.com/dreamervulpi/tourney-helper/internal/db/repo/participants.go:416.9,418.4 1 0
github.com/dreamervulpi/tourney-helper/internal/db/repo/participants.go:420.3,420.27 1 0
github.com/dreamervulpi/tourney-helper/internal/db/repo/participants.go:423.2,423.34 1 0
github.com/dreamervulpi/tourney-helper/internal/db/repo/participants.go:423.34,425.3 1 0
github.com/dreamervulpi/tourney-helper/internal/db/repo/participants.go:426.2,426.18 1 0
github.com/dreamervulpi/tourney-helper/internal/db/repo/participants.go:429.63,434.16 3 0
github.com/dreamervulpi/tourney-helper/internal/db/repo/participants.go:434.16,436.3 1 0
github.com/dreamervulpi/tourney-helper/internal/db/repo/participants.go:438.2,439.16 2 0
github.com/dreamervulpi/tourney-helper/internal/db/repo/participants.go:439.16,441.3 1 0
github.com/dreamervulpi/tourney-helper/internal/db/repo/participants.go:442.2,442.15 1 0
github.com/dreamervulpi/tourney-helper/internal/db/repo/participants.go:442.15,444.3 1 0
github.com/dreamervulpi/tourney-helper/internal/db/repo/participants.go:446.2,446.12 1 0
github.com/dreamervulpi/tourney-helper/internal/db/repo/sentset.go:16.67,20.2 1 0
github.com/dreamervulpi/tourney-helper/internal/db/repo/sentset.go:22.74,30.2 4 0
github.com/dreamervulpi/tourney-helper/internal/db/repo/sentset.go:32.214,45.16 4 0
github.com/dreamervulpi/tourney-helper/internal/db/repo/sentset.go:45.16,46.45 1 0
github.com/dreamervulpi/tourney-helper/internal/db/repo/sentset.go:46.45,48.4 1 0
github.com/dreamervulpi/tourney-helper/internal/db/repo/sentset.go:49.3,49.72 1 0
github.com/dreamervulpi/tourney-helper/internal/db/repo/sentset.go:51.2,51.16 1 0
github.com/dreamervulpi/tourney-helper/internal/db/repo/sentset.go:54.81,69.16 4 0
github.com/dreamervulpi/tourney-helper/internal/db/repo/sentset.go:69.16,71.3 1 0
github.com/dreamervulpi/tourney-helper/internal/db/repo/sentset.go:72.2,72.21 1 0
github.com/dreamervulpi/tourney-helper/internal/db/repo/sentset.go:75.63,80.16 3 0
github.com/dreamervulpi/tourney-helper/internal/db/repo/sentset.go:80.16,82.3 1 0
github.com/dreamervulpi/tourney-helper/internal/db/repo/sentset.go:84.2,85.16 2 0
github.com/dreamervulpi/tourney-helper/internal/db/repo/sentset.go:85.16,87.3 1 0
github.com/dreamervulpi/tourney-helper/internal/db/repo/sentset.go:88.2,88.15 1 0
github.com/dreamervulpi/tourney-helper/internal/db/repo/sentset.go:88.15,90.3 1 0
github.com/dreamervulpi/tourney-helper/internal/db/repo/sentset.go:92.2,92.12 1 0
github.com/dreamervulpi/tourney-helper/internal/db/repo/sentset.go:95.210,101.16 3 0
github.com/dreamervulpi/tourney-helper/internal/db/repo/sentset.go:101.16,103.3 1 0
github.com/dreamervulpi/tourney-helper/internal/db/repo/sentset.go:105.2,106.16 2 0
github.com/dreamervulpi/tourney-helper/internal/db/repo/sentset.go:106.16,108.3 1 0
github.com/dreamervulpi/tourney-helper/internal/db/repo/sentset.go:109.2,109.15 1 0
github.com/dreamervulpi/tourney-helper/internal/db/repo/sentset.go:109.15,111.3 1 0
github.com/dreamervulpi/tourney-helper/internal/db/repo/sentset.go:113.2,113.12 1 0
github.com/dreamervulpi/tourney-helper/internal/db/repo/tests/testutil/assert.go:8.46,11.16 2 1
github.com/dreamervulpi/tourney-helper/internal/db/repo/tests/testutil/assert.go:11.16,13.3 1 0
github.com/dreamervulpi/tourney-helper/internal/db/repo/tests/testutil/assert.go:16.44,19.16 2 1
github.com/dreamervulpi/tourney-helper/internal/db/repo/tests/testutil/assert.go:19.16,21.3 1 0
github.com/dreamervulpi/tourney-helper/internal/db/repo/tests/testutil/assert.go:28.3,31.42 2 1
github.com/dreamervulpi/tourney-helper/internal/db/repo/tests/testutil/assert.go:31.42,37.3 1 0
github.com/dreamervulpi/tourney-helper/internal/db/repo/tests/testutil/assert.go:40.63,43.17 2 0
github.com/dreamervulpi/tourney-helper/internal/db/repo/tests/testutil/assert.go:43.17,45.3 1 0
github.com/dreamervulpi/tourney-helper/internal/db/repo/tests/testutil/assert.go:48.44,51.12 2 1
github.com/dreamervulpi/tourney-helper/internal/db/repo/tests/testutil/assert.go:51.12,53.3 1 0
github.com/dreamervulpi/tourney-helper/internal/db/repo/tests/testutil/assert.go:56.45,59.11 2 0
github.com/dreamervulpi/tourney-helper/internal/db/repo/tests/testutil/assert.go:59.11,61.3 1 0
github.com/dreamervulpi/tourney-helper/internal/db/repo/tests/testutil/assert.go:64.42,67.19 2 0
github.com/dreamervulpi/tourney-helper/internal/db/repo/tests/testutil/assert.go:67.19,69.3 1 0
github.com/dreamervulpi/tourney-helper/internal/db/repo/tests/testutil/assert.go:72.45,75.18 2 0
github.com/dreamervulpi/tourney-helper/internal/db/repo/tests/testutil/assert.go:75.18,77.3 1 0
github.com/dreamervulpi/tourney-helper/internal/db/repo/tests/testutil/assert.go:80.28,81.18 1 0
github.com/dreamervulpi/tourney-helper/internal/db/repo/tests/testutil/assert.go:81.18,83.3 1 0
github.com/dreamervulpi/tourney-helper/internal/db/repo/tests/testutil/assert.go:85.2,87.18 2 0
github.com/dreamervulpi/tourney-helper/internal/db/repo/tests/testutil/assert.go:93.17,94.19 1 0
github.com/dreamervulpi/tourney-helper/internal/db/repo/tests/testutil/assert.go:95.10,96.15 1 0
github.com/dreamervulpi/tourney-helper/internal/db/repo/tests/testutil/assert.go:100.52,103.22 2 0
github.com/dreamervulpi/tourney-helper/internal/db/repo/tests/testutil/assert.go:103.22,105.3 1 0
github.com/dreamervulpi/tourney-helper/internal/db/repo/tests/testutil/assert.go:108.55,111.22 2 0
github.com/dreamervulpi/tourney-helper/internal/db/repo/tests/testutil/assert.go:111.22,113.3 1 0
github.com/dreamervulpi/tourney-helper/internal/db/repo/tests/testutil/db.go:15.38,22.16 3 1
github.com/dreamervulpi/tourney-helper/internal/db/repo/tests/testutil/db.go:22.16,24.3 1 0
github.com/dreamervulpi/tourney-helper/internal/db/repo/tests/testutil/db.go:26.2,26.19 1 1
github.com/dreamervulpi/tourney-helper/internal/db/repo/tests/testutil/db.go:26.19,28.3 1 1
github.com/dreamervulpi/tourney-helper/internal/db/repo/tests/testutil/db.go:30.2,30.44 1 1
github.com/dreamervulpi/tourney-helper/internal/db/repo/tests/testutil/db.go:30.44,32.3 1 0
github.com/dreamervulpi/tourney-helper/internal/db/repo/tests/testutil/db.go:34.2,34.11 1 1
github.com/dreamervulpi/tourney-helper/internal/db/repo/tests/testutil/db.go:37.40,44.2 2 1
github.com/dreamervulpi/tourney-helper/internal/db/repo/tests/testutil/db.go:46.30,57.2 4 1
github.com/dreamervulpi/tourney-helper/internal/db/repo/tests/testutil/fixture.go:52.7,74.2 5 1
github.com/dreamervulpi/tourney-helper/internal/db/repo/tests/testutil/fixture.go:80.3,99.2 3 1
github.com/dreamervulpi/tourney-helper/internal/db/repo/tests/testutil/fixture.go:105.7,129.2 5 0
github.com/dreamervulpi/tourney-helper/internal/db/repo/tests/testutil/fixture.go:135.7,163.2 5 0
github.com/dreamervulpi/tourney-helper/internal/db/repo/tests/testutil/fixture.go:169.9,199.2 5 0
github.com/dreamervulpi/tourney-helper/internal/db/repo/tests/testutil/repo.go:15.3,23.2 3 0
github.com/dreamervulpi/tourney-helper/internal/db/repo/tests/testutil/repo.go:29.3,37.2 3 1
github.com/dreamervulpi/tourney-helper/internal/db/repo/tests/testutil/repo.go:43.3,51.2 3 0
github.com/dreamervulpi/tourney-helper/internal/db/repo/tests/testutil/repo.go:55.57,64.2 3 0
github.com/dreamervulpi/tourney-helper/internal/db/repo/tests/testutil/repo.go:68.45,76.2 3 0
github.com/dreamervulpi/tourney-helper/internal/db/repo/participantAccounts.go:15.91,19.2 1 0
github.com/dreamervulpi/tourney-helper/internal/db/repo/participantAccounts.go:21.185,60.16 4 1
github.com/dreamervulpi/tourney-helper/internal/db/repo/participantAccounts.go:60.16,62.3 1 0
github.com/dreamervulpi/tourney-helper/internal/db/repo/participantAccounts.go:63.2,63.16 1 1
github.com/dreamervulpi/tourney-helper/internal/db/repo/participantAccounts.go:66.179,82.16 3 1
github.com/dreamervulpi/tourney-helper/internal/db/repo/participantAccounts.go:82.16,84.3 1 0
github.com/dreamervulpi/tourney-helper/internal/db/repo/participantAccounts.go:85.2,85.12 1 1
github.com/dreamervulpi/tourney-helper/internal/db/repo/participantAccounts.go:88.133,97.16 3 1
github.com/dreamervulpi/tourney-helper/internal/db/repo/participantAccounts.go:97.16,99.3 1 0
github.com/dreamervulpi/tourney-helper/internal/db/repo/participantAccounts.go:100.2,100.12 1 1
github.com/dreamervulpi/tourney-helper/internal/db/repo/participantAccounts.go:103.105,109.16 3 1
github.com/dreamervulpi/tourney-helper/internal/db/repo/participantAccounts.go:109.16,111.3 1 0
github.com/dreamervulpi/tourney-helper/internal/db/repo/participantAccounts.go:112.2,115.18 3 1
github.com/dreamervulpi/tourney-helper/internal/db/repo/participantAccounts.go:115.18,127.17 3 1
github.com/dreamervulpi/tourney-helper/internal/db/repo/participantAccounts.go:127.17,129.4 1 0
github.com/dreamervulpi/tourney-helper/internal/db/repo/participantAccounts.go:130.3,130.34 1 1
github.com/dreamervulpi/tourney-helper/internal/db/repo/participantAccounts.go:133.2,133.34 1 1
github.com/dreamervulpi/tourney-helper/internal/db/repo/participantAccounts.go:133.34,135.3 1 0
github.com/dreamervulpi/tourney-helper/internal/db/repo/participantAccounts.go:137.2,137.22 1 1
github.com/dreamervulpi/tourney-helper/internal/db/repo/participantAccounts.go:140.141,156.16 4 1
github.com/dreamervulpi/tourney-helper/internal/db/repo/participantAccounts.go:156.16,158.3 1 1
github.com/dreamervulpi/tourney-helper/internal/db/repo/participantAccounts.go:159.2,159.21 1 1
github.com/dreamervulpi/tourney-helper/internal/db/repo/participantAccounts.go:162.141,178.16 4 1
github.com/dreamervulpi/tourney-helper/internal/db/repo/participantAccounts.go:178.16,180.3 1 1
github.com/dreamervulpi/tourney-helper/internal/db/repo/participantAccounts.go:181.2,181.21 1 1
github.com/dreamervulpi/tourney-helper/internal/db/repo/participantAccounts.go:184.131,189.16 3 1
github.com/dreamervulpi/tourney-helper/internal/db/repo/participantAccounts.go:189.16,191.3 1 0
github.com/dreamervulpi/tourney-helper/internal/db/repo/participantAccounts.go:193.2,194.16 2 1
github.com/dreamervulpi/tourney-helper/internal/db/repo/participantAccounts.go:194.16,196.3 1 0
github.com/dreamervulpi/tourney-helper/internal/db/repo/participantAccounts.go:197.2,197.15 1 1
github.com/dreamervulpi/tourney-helper/internal/db/repo/participantAccounts.go:197.15,199.3 1 1
github.com/dreamervulpi/tourney-helper/internal/db/repo/participantAccounts.go:201.2,201.12 1 1
github.com/dreamervulpi/tourney-helper/internal/db/repo/participantBans.go:18.83,22.2 1 0
github.com/dreamervulpi/tourney-helper/internal/db/repo/participantBans.go:24.137,42.16 4 0
github.com/dreamervulpi/tourney-helper/internal/db/repo/participantBans.go:42.16,44.3 1 0
github.com/dreamervulpi/tourney-helper/internal/db/repo/participantBans.go:45.2,45.16 1 0
github.com/dreamervulpi/tourney-helper/internal/db/repo/participantBans.go:47.131,54.16 3 0
github.com/dreamervulpi/tourney-helper/internal/db/repo/participantBans.go:54.16,56.3 1 0
github.com/dreamervulpi/tourney-helper/internal/db/repo/participantBans.go:58.2,58.12 1 0
github.com/dreamervulpi/tourney-helper/internal/db/repo/participantBans.go:60.81,65.16 3 0
github.com/dreamervulpi/tourney-helper/internal/db/repo/participantBans.go:65.16,67.3 1 0
github.com/dreamervulpi/tourney-helper/internal/db/repo/participantBans.go:69.2,70.16 2 0
github.com/dreamervulpi/tourney-helper/internal/db/repo/participantBans.go:70.16,72.3 1 0
github.com/dreamervulpi/tourney-helper/internal/db/repo/participantBans.go:73.2,73.15 1 0
github.com/dreamervulpi/tourney-helper/internal/db/repo/participantBans.go:73.15,75.3 1 0
github.com/dreamervulpi/tourney-helper/internal/db/repo/participantBans.go:77.2,77.12 1 0
github.com/dreamervulpi/tourney-helper/internal/db/repo/participantBans.go:80.68,86.16 4 0
github.com/dreamervulpi/tourney-helper/internal/db/repo/participantBans.go:86.16,88.3 1 0
github.com/dreamervulpi/tourney-helper/internal/db/repo/participantBans.go:89.2,89.12 1 0
github.com/dreamervulpi/tourney-helper/internal/db/repo/participantBans.go:92.92,107.16 4 0
github.com/dreamervulpi/tourney-helper/internal/db/repo/participantBans.go:107.16,109.3 1 0
github.com/dreamervulpi/tourney-helper/internal/db/repo/participantBans.go:110.2,110.17 1 0
github.com/dreamervulpi/tourney-helper/internal/db/repo/participantBans.go:113.90,123.2 4 0
github.com/dreamervulpi/tourney-helper/internal/db/repo/participantBans.go:125.72,131.16 4 0
github.com/dreamervulpi/tourney-helper/internal/db/repo/participantBans.go:131.16,133.3 1 0
github.com/dreamervulpi/tourney-helper/internal/db/repo/participantBans.go:134.2,134.16 1 0
github.com/dreamervulpi/tourney-helper/internal/db/repo/participantBans.go:137.196,190.16 3 0
github.com/dreamervulpi/tourney-helper/internal/db/repo/participantBans.go:190.16,192.3 1 0
github.com/dreamervulpi/tourney-helper/internal/db/repo/participantBans.go:193.2,196.18 3 0
github.com/dreamervulpi/tourney-helper/internal/db/repo/participantBans.go:196.18,241.17 4 0
github.com/dreamervulpi/tourney-helper/internal/db/repo/participantBans.go:241.17,243.4 1 0
github.com/dreamervulpi/tourney-helper/internal/db/repo/participantBans.go:245.3,262.25 18 0
github.com/dreamervulpi/tourney-helper/internal/db/repo/participantBans.go:262.25,264.4 1 0
github.com/dreamervulpi/tourney-helper/internal/db/repo/participantBans.go:264.9,266.4 1 0
github.com/dreamervulpi/tourney-helper/internal/db/repo/participantBans.go:268.3,268.26 1 0
github.com/dreamervulpi/tourney-helper/internal/db/repo/participantBans.go:268.26,270.4 1 0
github.com/dreamervulpi/tourney-helper/internal/db/repo/participantBans.go:270.9,272.4 1 0
github.com/dreamervulpi/tourney-helper/internal/db/repo/participantBans.go:274.3,274.27 1 0
github.com/dreamervulpi/tourney-helper/internal/db/repo/participantBans.go:277.2,277.34 1 0
github.com/dreamervulpi/tourney-helper/internal/db/repo/participantBans.go:277.34,279.3 1 0
github.com/dreamervulpi/tourney-helper/internal/db/repo/participantBans.go:280.2,280.18 1 0
github.com/dreamervulpi/tourney-helper/internal/db/repo/participantStats.go:15.85,19.2 1 0
github.com/dreamervulpi/tourney-helper/internal/db/repo/participantStats.go:21.129,42.16 4 0
github.com/dreamervulpi/tourney-helper/internal/db/repo/participantStats.go:42.16,44.3 1 0
github.com/dreamervulpi/tourney-helper/internal/db/repo/participantStats.go:45.2,45.16 1 0
github.com/dreamervulpi/tourney-helper/internal/db/repo/participantStats.go:48.123,61.16 3 0
github.com/dreamervulpi/tourney-helper/internal/db/repo/participantStats.go:61.16,63.3 1 0
github.com/dreamervulpi/tourney-helper/internal/db/repo/participantStats.go:64.2,64.12 1 0
github.com/dreamervulpi/tourney-helper/internal/db/repo/participantStats.go:67.114,73.16 3 0
github.com/dreamervulpi/tourney-helper/internal/db/repo/participantStats.go:73.16,75.3 1 0
github.com/dreamervulpi/tourney-helper/internal/db/repo/participantStats.go:77.2,78.16 2 0
github.com/dreamervulpi/tourney-helper/internal/db/repo/participantStats.go:78.16,80.3 1 0
github.com/dreamervulpi/tourney-helper/internal/db/repo/participantStats.go:81.2,81.15 1 0
github.com/dreamervulpi/tourney-helper/internal/db/repo/participantStats.go:81.15,83.3 1 0
github.com/dreamervulpi/tourney-helper/internal/db/repo/participantStats.go:84.2,84.12 1 0
github.com/dreamervulpi/tourney-helper/internal/db/repo/participantStats.go:87.101,93.16 3 0
github.com/dreamervulpi/tourney-helper/internal/db/repo/participantStats.go:93.16,95.3 1 0
github.com/dreamervulpi/tourney-helper/internal/db/repo/participantStats.go:97.2,98.16 2 0
github.com/dreamervulpi/tourney-helper/internal/db/repo/participantStats.go:98.16,100.3 1 0
github.com/dreamervulpi/tourney-helper/internal/db/repo/participantStats.go:101.2,101.15 1 0
github.com/dreamervulpi/tourney-helper/internal/db/repo/participantStats.go:101.15,103.3 1 0
github.com/dreamervulpi/tourney-helper/internal/db/repo/participantStats.go:104.2,104.12 1 0
github.com/dreamervulpi/tourney-helper/internal/db/repo/participantStats.go:107.110,114.16 3 0
github.com/dreamervulpi/tourney-helper/internal/db/repo/participantStats.go:114.16,116.3 1 0
github.com/dreamervulpi/tourney-helper/internal/db/repo/participantStats.go:117.2,120.18 3 0
github.com/dreamervulpi/tourney-helper/internal/db/repo/participantStats.go:120.18,130.17 3 0
github.com/dreamervulpi/tourney-helper/internal/db/repo/participantStats.go:130.17,132.4 1 0
github.com/dreamervulpi/tourney-helper/internal/db/repo/participantStats.go:133.3,133.28 1 0
github.com/dreamervulpi/tourney-helper/internal/db/repo/participantStats.go:136.2,136.34 1 0
github.com/dreamervulpi/tourney-helper/internal/db/repo/participantStats.go:136.34,138.3 1 0
github.com/dreamervulpi/tourney-helper/internal/db/repo/participantStats.go:139.2,139.19 1 0
github.com/dreamervulpi/tourney-helper/internal/db/repo/participantStats.go:142.127,157.16 4 0
github.com/dreamervulpi/tourney-helper/internal/db/repo/participantStats.go:157.16,159.3 1 0
github.com/dreamervulpi/tourney-helper/internal/db/repo/participantStats.go:160.2,160.18 1 0
github.com/dreamervulpi/tourney-helper/internal/db/repo/participantStats.go:163.84,170.16 3 0
github.com/dreamervulpi/tourney-helper/internal/db/repo/participantStats.go:170.16,172.3 1 0
github.com/dreamervulpi/tourney-helper/internal/db/repo/participantStats.go:174.2,175.16 2 0
github.com/dreamervulpi/tourney-helper/internal/db/repo/participantStats.go:175.16,177.3 1 0
github.com/dreamervulpi/tourney-helper/internal/db/repo/participantStats.go:178.2,178.15 1 0
github.com/dreamervulpi/tourney-helper/internal/db/repo/participantStats.go:178.15,180.3 1 0
github.com/dreamervulpi/tourney-helper/internal/db/repo/participantStats.go:181.2,181.12 1 0
github.com/dreamervulpi/tourney-helper/internal/db/repo/participants.go:18.76,22.2 1 0
github.com/dreamervulpi/tourney-helper/internal/db/repo/participants.go:24.109,54.16 4 0
github.com/dreamervulpi/tourney-helper/internal/db/repo/participants.go:54.16,56.3 1 0
github.com/dreamervulpi/tourney-helper/internal/db/repo/participants.go:57.2,57.16 1 0
github.com/dreamervulpi/tourney-helper/internal/db/repo/participants.go:60.111,67.16 3 0
github.com/dreamervulpi/tourney-helper/internal/db/repo/participants.go:67.16,69.3 1 0
github.com/dreamervulpi/tourney-helper/internal/db/repo/participants.go:71.2,72.16 2 0
github.com/dreamervulpi/tourney-helper/internal/db/repo/participants.go:72.16,74.3 1 0
github.com/dreamervulpi/tourney-helper/internal/db/repo/participants.go:75.2,75.15 1 0
github.com/dreamervulpi/tourney-helper/internal/db/repo/participants.go:75.15,77.3 1 0
github.com/dreamervulpi/tourney-helper/internal/db/repo/participants.go:79.2,79.12 1 0
github.com/dreamervulpi/tourney-helper/internal/db/repo/participants.go:82.89,96.16 4 0
github.com/dreamervulpi/tourney-helper/internal/db/repo/participants.go:96.16,98.3 1 0
github.com/dreamervulpi/tourney-helper/internal/db/repo/participants.go:99.2,99.25 1 0
github.com/dreamervulpi/tourney-helper/internal/db/repo/participants.go:102.104,116.16 4 0
github.com/dreamervulpi/tourney-helper/internal/db/repo/participants.go:116.16,118.3 1 0
github.com/dreamervulpi/tourney-helper/internal/db/repo/participants.go:119.2,119.25 1 0
github.com/dreamervulpi/tourney-helper/internal/db/repo/participants.go:122.86,131.16 4 0
github.com/dreamervulpi/tourney-helper/internal/db/repo/participants.go:131.16,133.3 1 0
github.com/dreamervulpi/tourney-helper/internal/db/repo/participants.go:134.2,134.16 1 0
github.com/dreamervulpi/tourney-helper/internal/db/repo/participants.go:136.100,150.16 4 0
github.com/dreamervulpi/tourney-helper/internal/db/repo/participants.go:150.16,152.3 1 0
github.com/dreamervulpi/tourney-helper/internal/db/repo/participants.go:153.2,153.16 1 0
github.com/dreamervulpi/tourney-helper/internal/db/repo/participants.go:156.187,203.16 3 0
github.com/dreamervulpi/tourney-helper/internal/db/repo/participants.go:203.16,205.3 1 0
github.com/dreamervulpi/tourney-helper/internal/db/repo/participants.go:206.2,209.18 3 0
github.com/dreamervulpi/tourney-helper/internal/db/repo/participants.go:209.18,250.17 4 0
github.com/dreamervulpi/tourney-helper/internal/db/repo/participants.go:250.17,252.4 1 0
github.com/dreamervulpi/tourney-helper/internal/db/repo/participants.go:254.3,271.25 18 0
github.com/dreamervulpi/tourney-helper/internal/db/repo/participants.go:271.25,273.4 1 0
github.com/dreamervulpi/tourney-helper/internal/db/repo/participants.go:273.9,275.4 1 0
github.com/dreamervulpi/tourney-helper/internal/db/repo/participants.go:277.3,277.26 1 0
github.com/dreamervulpi/tourney-helper/internal/db/repo/participants.go:277.26,279.4 1 0
github.com/dreamervulpi/tourney-helper/internal/db/repo/participants.go:279.9,281.4 1 0
github.com/dreamervulpi/tourney-helper/internal/db/repo/participants.go:283.3,283.27 1 0
github.com/dreamervulpi/tourney-helper/internal/db/repo/participants.go:286.2,286.34 1 0
github.com/dreamervulpi/tourney-helper/internal/db/repo/participants.go:286.34,288.3 1 0
github.com/dreamervulpi/tourney-helper/internal/db/repo/participants.go:289.2,289.18 1 0
github.com/dreamervulpi/tourney-helper/internal/db/repo/participants.go:292.199,340.16 3 0
github.com/dreamervulpi/tourney-helper/internal/db/repo/participants.go:340.16,342.3 1 0
github.com/dreamervulpi/tourney-helper/internal/db/repo/participants.go:343.2,346.18 3 0
github.com/dreamervulpi/tourney-helper/internal/db/repo/participants.go:346.18,387.17 4 0
github.com/dreamervulpi/tourney-helper/internal/db/repo/participants.go:387.17,389.4 1 0
github.com/dreamervulpi/tourney-helper/internal/db/repo/participants.go:391.3,408.25 18 0
github.com/dreamervulpi/tourney-helper/internal/db/repo/participants.go:408.25,410.4 1 0
github.com/dreamervulpi/tourney-helper/internal/db/repo/participants.go:410.9,412.4 1 0
[...]
github.com/dreamervulpi/tourney-helper/internal/db/repo/participantAccounts.go:156.16,158.3 1 0
github.com/dreamervulpi/tourney-helper/internal/db/repo/participantAccounts.go:159.2,159.21 1 0
github.com/dreamervulpi/tourney-helper/internal/db/repo/participantAccounts.go:162.141,178.16 4 0
github.com/dreamervulpi/tourney-helper/internal/db/repo/participantAccounts.go:178.16,180.3 1 0
github.com/dreamervulpi/tourney-helper/internal/db/repo/participantAccounts.go:181.2,181.21 1 0
github.com/dreamervulpi/tourney-helper/internal/db/repo/participantAccounts.go:184.131,189.16 3 0
github.com/dreamervulpi/tourney-helper/internal/db/repo/participantAccounts.go:189.16,191.3 1 0
github.com/dreamervulpi/tourney-helper/internal/db/repo/participantAccounts.go:193.2,194.16 2 0
github.com/dreamervulpi/tourney-helper/internal/db/repo/participantAccounts.go:194.16,196.3 1 0
github.com/dreamervulpi/tourney-helper/internal/db/repo/participantAccounts.go:197.2,197.15 1 0
github.com/dreamervulpi/tourney-helper/internal/db/repo/participantAccounts.go:197.15,199.3 1 0
github.com/dreamervulpi/tourney-helper/internal/db/repo/participantAccounts.go:201.2,201.12 1 0
github.com/dreamervulpi/tourney-helper/internal/db/repo/participantBans.go:18.83,22.2 1 0
github.com/dreamervulpi/tourney-helper/internal/db/repo/participantBans.go:24.137,42.16 4 0
github.com/dreamervulpi/tourney-helper/internal/db/repo/participantBans.go:42.16,44.3 1 0
github.com/dreamervulpi/tourney-helper/internal/db/repo/participantBans.go:45.2,45.16 1 0
github.com/dreamervulpi/tourney-helper/internal/db/repo/participantBans.go:47.131,54.16 3 0
github.com/dreamervulpi/tourney-helper/internal/db/repo/participantBans.go:54.16,56.3 1 0
github.com/dreamervulpi/tourney-helper/internal/db/repo/participantBans.go:58.2,58.12 1 0
github.com/dreamervulpi/tourney-helper/internal/db/repo/participantBans.go:60.81,65.16 3 0
github.com/dreamervulpi/tourney-helper/internal/db/repo/participantBans.go:65.16,67.3 1 0
github.com/dreamervulpi/tourney-helper/internal/db/repo/participantBans.go:69.2,70.16 2 0
github.com/dreamervulpi/tourney-helper/internal/db/repo/participantBans.go:70.16,72.3 1 0
github.com/dreamervulpi/tourney-helper/internal/db/repo/participantBans.go:73.2,73.15 1 0
github.com/dreamervulpi/tourney-helper/internal/db/repo/participantBans.go:73.15,75.3 1 0
github.com/dreamervulpi/tourney-helper/internal/db/repo/participantBans.go:77.2,77.12 1 0
github.com/dreamervulpi/tourney-helper/internal/db/repo/participantBans.go:80.68,86.16 4 0
github.com/dreamervulpi/tourney-helper/internal/db/repo/participantBans.go:86.16,88.3 1 0
github.com/dreamervulpi/tourney-helper/internal/db/repo/participantBans.go:89.2,89.12 1 0
github.com/dreamervulpi/tourney-helper/internal/db/repo/participantBans.go:92.92,107.16 4 0
github.com/dreamervulpi/tourney-helper/internal/db/repo/participantBans.go:107.16,109.3 1 0
github.com/dreamervulpi/tourney-helper/internal/db/repo/participantBans.go:110.2,110.17 1 0
github.com/dreamervulpi/tourney-helper/internal/db/repo/participantBans.go:113.90,123.2 4 0
github.com/dreamervulpi/tourney-helper/internal/db/repo/participantBans.go:125.72,131.16 4 0
github.com/dreamervulpi/tourney-helper/internal/db/repo/participantBans.go:131.16,133.3 1 0
github.com/dreamervulpi/tourney-helper/internal/db/repo/participantBans.go:134.2,134.16 1 0
github.com/dreamervulpi/tourney-helper/internal/db/repo/participantBans.go:137.196,190.16 3 0
github.com/dreamervulpi/tourney-helper/internal/db/repo/participantBans.go:190.16,192.3 1 0
github.com/dreamervulpi/tourney-helper/internal/db/repo/participantBans.go:193.2,196.18 3 0
github.com/dreamervulpi/tourney-helper/internal/db/repo/participantBans.go:196.18,241.17 4 0
github.com/dreamervulpi/tourney-helper/internal/db/repo/participantBans.go:241.17,243.4 1 0
github.com/dreamervulpi/tourney-helper/internal/db/repo/participantBans.go:245.3,262.25 18 0
github.com/dreamervulpi/tourney-helper/internal/db/repo/participantBans.go:262.25,264.4 1 0
github.com/dreamervulpi/tourney-helper/internal/db/repo/participantBans.go:264.9,266.4 1 0
github.com/dreamervulpi/tourney-helper/internal/db/repo/participantBans.go:268.3,268.26 1 0
github.com/dreamervulpi/tourney-helper/internal/db/repo/participantBans.go:268.26,270.4 1 0
github.com/dreamervulpi/tourney-helper/internal/db/repo/participantBans.go:270.9,272.4 1 0
github.com/dreamervulpi/tourney-helper/internal/db/repo/participantBans.go:274.3,274.27 1 0
github.com/dreamervulpi/tourney-helper/internal/db/repo/participantBans.go:277.2,277.34 1 0
github.com/dreamervulpi/tourney-helper/internal/db/repo/participantBans.go:277.34,279.3 1 0
github.com/dreamervulpi/tourney-helper/internal/db/repo/participantBans.go:280.2,280.18 1 0
github.com/dreamervulpi/tourney-helper/internal/db/repo/participantStats.go:15.85,19.2 1 0
github.com/dreamervulpi/tourney-helper/internal/db/repo/participantStats.go:21.129,42.16 4 0
github.com/dreamervulpi/tourney-helper/internal/db/repo/participantStats.go:42.16,44.3 1 0
github.com/dreamervulpi/tourney-helper/internal/db/repo/participantStats.go:45.2,45.16 1 0
github.com/dreamervulpi/tourney-helper/internal/db/repo/participantStats.go:48.123,61.16 3 0
github.com/dreamervulpi/tourney-helper/internal/db/repo/participantStats.go:61.16,63.3 1 0
github.com/dreamervulpi/tourney-helper/internal/db/repo/participantStats.go:64.2,64.12 1 0
github.com/dreamervulpi/tourney-helper/internal/db/repo/participantStats.go:67.114,73.16 3 0
github.com/dreamervulpi/tourney-helper/internal/db/repo/participantStats.go:73.16,75.3 1 0
github.com/dreamervulpi/tourney-helper/internal/db/repo/participantStats.go:77.2,78.16 2 0
github.com/dreamervulpi/tourney-helper/internal/db/repo/participantStats.go:78.16,80.3 1 0
github.com/dreamervulpi/tourney-helper/internal/db/repo/participantStats.go:81.2,81.15 1 0
github.com/dreamervulpi/tourney-helper/internal/db/repo/participantStats.go:81.15,83.3 1 0
github.com/dreamervulpi/tourney-helper/internal/db/repo/participantStats.go:84.2,84.12 1 0
github.com/dreamervulpi/tourney-helper/internal/db/repo/participantStats.go:87.101,93.16 3 0
github.com/dreamervulpi/tourney-helper/internal/db/repo/participantStats.go:93.16,95.3 1 0
github.com/dreamervulpi/tourney-helper/internal/db/repo/participantStats.go:97.2,98.16 2 0
github.com/dreamervulpi/tourney-helper/internal/db/repo/participantStats.go:98.16,100.3 1 0
github.com/dreamervulpi/tourney-helper/internal/db/repo/participantStats.go:101.2,101.15 1 0
github.com/dreamervulpi/tourney-helper/internal/db/repo/participantStats.go:101.15,103.3 1 0
github.com/dreamervulpi/tourney-helper/internal/db/repo/participantStats.go:104.2,104.12 1 0
github.com/dreamervulpi/tourney-helper/internal/db/repo/participantStats.go:107.110,114.16 3 0
github.com/dreamervulpi/tourney-helper/internal/db/repo/participantStats.go:114.16,116.3 1 0
github.com/dreamervulpi/tourney-helper/internal/db/repo/participantStats.go:117.2,120.18 3 0
github.com/dreamervulpi/tourney-helper/internal/db/repo/participantStats.go:120.18,130.17 3 0
github.com/dreamervulpi/tourney-helper/internal/db/repo/participantStats.go:130.17,132.4 1 0
github.com/dreamervulpi/tourney-helper/internal/db/repo/participantStats.go:133.3,133.28 1 0
github.com/dreamervulpi/tourney-helper/internal/db/repo/participantStats.go:136.2,136.34 1 0
github.com/dreamervulpi/tourney-helper/internal/db/repo/participantStats.go:136.34,138.3 1 0
github.com/dreamervulpi/tourney-helper/internal/db/repo/participantStats.go:139.2,139.19 1 0
github.com/dreamervulpi/tourney-helper/internal/db/repo/participantStats.go:142.127,157.16 4 0
github.com/dreamervulpi/tourney-helper/internal/db/repo/participantStats.go:157.16,159.3 1 0
github.com/dreamervulpi/tourney-helper/internal/db/repo/participantStats.go:160.2,160.18 1 0
github.com/dreamervulpi/tourney-helper/internal/db/repo/participantStats.go:163.84,170.16 3 0
github.com/dreamervulpi/tourney-helper/internal/db/repo/participantStats.go:170.16,172.3 1 0
github.com/dreamervulpi/tourney-helper/internal/db/repo/participantStats.go:174.2,175.16 2 0
github.com/dreamervulpi/tourney-helper/internal/db/repo/participantStats.go:175.16,177.3 1 0
github.com/dreamervulpi/tourney-helper/internal/db/repo/participantStats.go:178.2,178.15 1 0
github.com/dreamervulpi/tourney-helper/internal/db/repo/participantStats.go:178.15,180.3 1 0
github.com/dreamervulpi/tourney-helper/internal/db/repo/participantStats.go:181.2,181.12 1 0
github.com/dreamervulpi/tourney-helper/internal/db/repo/participants.go:18.76,22.2 1 0
github.com/dreamervulpi/tourney-helper/internal/db/repo/participants.go:24.109,54.16 4 1
github.com/dreamervulpi/tourney-helper/internal/db/repo/participants.go:54.16,56.3 1 0
github.com/dreamervulpi/tourney-helper/internal/db/repo/participants.go:57.2,57.16 1 1
github.com/dreamervulpi/tourney-helper/internal/db/repo/participants.go:60.111,67.16 3 1
github.com/dreamervulpi/tourney-helper/internal/db/repo/participants.go:67.16,69.3 1 1
github.com/dreamervulpi/tourney-helper/internal/db/repo/participants.go:71.2,72.16 2 1
github.com/dreamervulpi/tourney-helper/internal/db/repo/participants.go:72.16,74.3 1 0
github.com/dreamervulpi/tourney-helper/internal/db/repo/participants.go:75.2,75.15 1 1
github.com/dreamervulpi/tourney-helper/internal/db/repo/participants.go:75.15,77.3 1 1
github.com/dreamervulpi/tourney-helper/internal/db/repo/participants.go:79.2,79.12 1 1
github.com/dreamervulpi/tourney-helper/internal/db/repo/participants.go:82.89,96.16 4 1
github.com/dreamervulpi/tourney-helper/internal/db/repo/participants.go:96.16,98.3 1 1
github.com/dreamervulpi/tourney-helper/internal/db/repo/participants.go:99.2,99.25 1 1
github.com/dreamervulpi/tourney-helper/internal/db/repo/participants.go:102.104,116.16 4 1
github.com/dreamervulpi/tourney-helper/internal/db/repo/participants.go:116.16,118.3 1 1
github.com/dreamervulpi/tourney-helper/internal/db/repo/participants.go:119.2,119.25 1 1
github.com/dreamervulpi/tourney-helper/internal/db/repo/participants.go:122.86,131.16 4 1
github.com/dreamervulpi/tourney-helper/internal/db/repo/participants.go:131.16,133.3 1 0
github.com/dreamervulpi/tourney-helper/internal/db/repo/participants.go:134.2,134.16 1 1
github.com/dreamervulpi/tourney-helper/internal/db/repo/participants.go:136.100,150.16 4 0
github.com/dreamervulpi/tourney-helper/internal/db/repo/participants.go:150.16,152.3 1 0
github.com/dreamervulpi/tourney-helper/internal/db/repo/participants.go:153.2,153.16 1 0
github.com/dreamervulpi/tourney-helper/internal/db/repo/participants.go:156.187,203.16 3 0
github.com/dreamervulpi/tourney-helper/internal/db/repo/participants.go:203.16,205.3 1 0
github.com/dreamervulpi/tourney-helper/internal/db/repo/participants.go:206.2,209.18 3 0
github.com/dreamervulpi/tourney-helper/internal/db/repo/participants.go:209.18,250.17 4 0
github.com/dreamervulpi/tourney-helper/internal/db/repo/participants.go:250.17,252.4 1 0
github.com/dreamervulpi/tourney-helper/internal/db/repo/participants.go:254.3,271.25 18 0
github.com/dreamervulpi/tourney-helper/internal/db/repo/participants.go:271.25,273.4 1 0
github.com/dreamervulpi/tourney-helper/internal/db/repo/participants.go:273.9,275.4 1 0
github.com/dreamervulpi/tourney-helper/internal/db/repo/participants.go:277.3,277.26 1 0
github.com/dreamervulpi/tourney-helper/internal/db/repo/participants.go:277.26,279.4 1 0
github.com/dreamervulpi/tourney-helper/internal/db/repo/participants.go:279.9,281.4 1 0
github.com/dreamervulpi/tourney-helper/internal/db/repo/participants.go:283.3,283.27 1 0
github.com/dreamervulpi/tourney-helper/internal/db/repo/participants.go:286.2,286.34 1 0
github.com/dreamervulpi/tourney-helper/internal/db/repo/participants.go:286.34,288.3 1 0
github.com/dreamervulpi/tourney-helper/internal/db/repo/participants.go:289.2,289.18 1 0
github.com/dreamervulpi/tourney-helper/internal/db/repo/participants.go:292.199,340.16 3 0
github.com/dreamervulpi/tourney-helper/internal/db/repo/participants.go:340.16,342.3 1 0
github.com/dreamervulpi/tourney-helper/internal/db/repo/participants.go:343.2,346.18 3 0
github.com/dreamervulpi/tourney-helper/internal/db/repo/participants.go:346.18,387.17 4 0
github.com/dreamervulpi/tourney-helper/internal/db/repo/participants.go:387.17,389.4 1 0
github.com/dreamervulpi/tourney-helper/internal/db/repo/participants.go:391.3,408.25 18 0
github.com/dreamervulpi/tourney-helper/internal/db/repo/participants.go:408.25,410.4 1 0
github.com/dreamervulpi/tourney-helper/internal/db/repo/participants.go:410.9,412.4 1 0
github.com/dreamervulpi/tourney-helper/internal/db/repo/participants.go:414.3,414.26 1 0
github.com/dreamervulpi/tourney-helper/internal/db/repo/participants.go:414.26,416.4 1 0
github.com/dreamervulpi/tourney-helper/internal/db/repo/participants.go:416.9,418.4 1 0
github.com/dreamervulpi/tourney-helper/internal/db/repo/participants.go:420.3,420.27 1 0
github.com/dreamervulpi/tourney-helper/internal/db/repo/participants.go:423.2,423.34 1 0
github.com/dreamervulpi/tourney-helper/internal/db/repo/participants.go:423.34,425.3 1 0
github.com/dreamervulpi/tourney-helper/internal/db/repo/participants.go:426.2,426.18 1 0
github.com/dreamervulpi/tourney-helper/internal/db/repo/participants.go:429.63,434.16 3 1
github.com/dreamervulpi/tourney-helper/internal/db/repo/participants.go:434.16,436.3 1 0
github.com/dreamervulpi/tourney-helper/internal/db/repo/participants.go:438.2,439.16 2 1
github.com/dreamervulpi/tourney-helper/internal/db/repo/participants.go:439.16,441.3 1 0
github.com/dreamervulpi/tourney-helper/internal/db/repo/participants.go:442.2,442.15 1 1
github.com/dreamervulpi/tourney-helper/internal/db/repo/participants.go:442.15,444.3 1 1
github.com/dreamervulpi/tourney-helper/internal/db/repo/participants.go:446.2,446.12 1 1
github.com/dreamervulpi/tourney-helper/internal/db/repo/sentset.go:16.67,20.2 1 0
github.com/dreamervulpi/tourney-helper/internal/db/repo/sentset.go:22.74,30.2 4 0
github.com/dreamervulpi/tourney-helper/internal/db/repo/sentset.go:32.214,45.16 4 0
github.com/dreamervulpi/tourney-helper/internal/db/repo/sentset.go:45.16,46.45 1 0
github.com/dreamervulpi/tourney-helper/internal/db/repo/sentset.go:46.45,48.4 1 0
github.com/dreamervulpi/tourney-helper/internal/db/repo/sentset.go:49.3,49.72 1 0
github.com/dreamervulpi/tourney-helper/internal/db/repo/sentset.go:51.2,51.16 1 0
github.com/dreamervulpi/tourney-helper/internal/db/repo/sentset.go:54.81,69.16 4 0
github.com/dreamervulpi/tourney-helper/internal/db/repo/sentset.go:69.16,71.3 1 0
github.com/dreamervulpi/tourney-helper/internal/db/repo/sentset.go:72.2,72.21 1 0
github.com/dreamervulpi/tourney-helper/internal/db/repo/sentset.go:75.63,80.16 3 0
github.com/dreamervulpi/tourney-helper/internal/db/repo/sentset.go:80.16,82.3 1 0
github.com/dreamervulpi/tourney-helper/internal/db/repo/sentset.go:84.2,85.16 2 0
github.com/dreamervulpi/tourney-helper/internal/db/repo/sentset.go:85.16,87.3 1 0
github.com/dreamervulpi/tourney-helper/internal/db/repo/sentset.go:88.2,88.15 1 0
github.com/dreamervulpi/tourney-helper/internal/db/repo/sentset.go:88.15,90.3 1 0
github.com/dreamervulpi/tourney-helper/internal/db/repo/sentset.go:92.2,92.12 1 0
github.com/dreamervulpi/tourney-helper/internal/db/repo/sentset.go:95.210,101.16 3 0
github.com/dreamervulpi/tourney-helper/internal/db/repo/sentset.go:101.16,103.3 1 0
github.com/dreamervulpi/tourney-helper/internal/db/repo/sentset.go:105.2,106.16 2 0
github.com/dreamervulpi/tourney-helper/internal/db/repo/sentset.go:106.16,108.3 1 0
github.com/dreamervulpi/tourney-helper/internal/db/repo/sentset.go:109.2,109.15 1 0
github.com/dreamervulpi/tourney-helper/internal/db/repo/sentset.go:109.15,111.3 1 0
github.com/dreamervulpi/tourney-helper/internal/db/repo/sentset.go:113.2,113.12 1 0
github.com/dreamervulpi/tourney-helper/internal/db/repo/tests/testutil/assert.go:8.46,11.16 2 1
github.com/dreamervulpi/tourney-helper/internal/db/repo/tests/testutil/assert.go:11.16,13.3 1 0
github.com/dreamervulpi/tourney-helper/internal/db/repo/tests/testutil/assert.go:16.44,19.16 2 1
github.com/dreamervulpi/tourney-helper/internal/db/repo/tests/testutil/assert.go:19.16,21.3 1 0
github.com/dreamervulpi/tourney-helper/internal/db/repo/tests/testutil/assert.go:28.3,31.42 2 1
github.com/dreamervulpi/tourney-helper/internal/db/repo/tests/testutil/assert.go:31.42,37.3 1 0
github.com/dreamervulpi/tourney-helper/internal/db/repo/tests/testutil/assert.go:40.63,43.17 2 0
github.com/dreamervulpi/tourney-helper/internal/db/repo/tests/testutil/assert.go:43.17,45.3 1 0
github.com/dreamervulpi/tourney-helper/internal/db/repo/tests/testutil/assert.go:48.44,51.12 2 0
github.com/dreamervulpi/tourney-helper/internal/db/repo/tests/testutil/assert.go:51.12,53.3 1 0
github.com/dreamervulpi/tourney-helper/internal/db/repo/tests/testutil/assert.go:56.45,59.11 2 0
github.com/dreamervulpi/tourney-helper/internal/db/repo/tests/testutil/assert.go:59.11,61.3 1 0
github.com/dreamervulpi/tourney-helper/internal/db/repo/tests/testutil/assert.go:64.42,67.19 2 0
github.com/dreamervulpi/tourney-helper/internal/db/repo/tests/testutil/assert.go:67.19,69.3 1 0
github.com/dreamervulpi/tourney-helper/internal/db/repo/tests/testutil/assert.go:72.45,75.18 2 0
github.com/dreamervulpi/tourney-helper/internal/db/repo/tests/testutil/assert.go:75.18,77.3 1 0
github.com/dreamervulpi/tourney-helper/internal/db/repo/tests/testutil/assert.go:80.28,81.18 1 0
github.com/dreamervulpi/tourney-helper/internal/db/repo/tests/testutil/assert.go:81.18,83.3 1 0
github.com/dreamervulpi/tourney-helper/internal/db/repo/tests/testutil/assert.go:85.2,87.18 2 0
github.com/dreamervulpi/tourney-helper/internal/db/repo/tests/testutil/assert.go:93.17,94.19 1 0
github.com/dreamervulpi/tourney-helper/internal/db/repo/tests/testutil/assert.go:95.10,96.15 1 0
github.com/dreamervulpi/tourney-helper/internal/db/repo/tests/testutil/assert.go:100.52,103.22 2 0
github.com/dreamervulpi/tourney-helper/internal/db/repo/tests/testutil/assert.go:103.22,105.3 1 0
github.com/dreamervulpi/tourney-helper/internal/db/repo/tests/testutil/assert.go:108.55,111.22 2 0
github.com/dreamervulpi/tourney-helper/internal/db/repo/tests/testutil/assert.go:111.22,113.3 1 0
github.com/dreamervulpi/tourney-helper/internal/db/repo/tests/testutil/db.go:15.38,22.16 3 1
github.com/dreamervulpi/tourney-helper/internal/db/repo/tests/testutil/db.go:22.16,24.3 1 0
github.com/dreamervulpi/tourney-helper/internal/db/repo/tests/testutil/db.go:26.2,26.19 1 1
github.com/dreamervulpi/tourney-helper/internal/db/repo/tests/testutil/db.go:26.19,28.3 1 1
github.com/dreamervulpi/tourney-helper/internal/db/repo/tests/testutil/db.go:30.2,30.44 1 1
github.com/dreamervulpi/tourney-helper/internal/db/repo/tests/testutil/db.go:30.44,32.3 1 0
github.com/dreamervulpi/tourney-helper/internal/db/repo/tests/testutil/db.go:34.2,34.11 1 1
github.com/dreamervulpi/tourney-helper/internal/db/repo/tests/testutil/db.go:37.40,44.2 2 1
github.com/dreamervulpi/tourney-helper/internal/db/repo/tests/testutil/db.go:46.30,57.2 4 1
github.com/dreamervulpi/tourney-helper/internal/db/repo/tests/testutil/fixture.go:52.7,74.2 5 1
github.com/dreamervulpi/tourney-helper/internal/db/repo/tests/testutil/fixture.go:80.3,99.2 3 1
github.com/dreamervulpi/tourney-helper/internal/db/repo/tests/testutil/fixture.go:105.7,129.2 5 0
github.com/dreamervulpi/tourney-helper/internal/db/repo/tests/testutil/fixture.go:135.7,163.2 5 0
github.com/dreamervulpi/tourney-helper/internal/db/repo/tests/testutil/fixture.go:169.9,199.2 5 0
github.com/dreamervulpi/tourney-helper/internal/db/repo/tests/testutil/repo.go:15.3,23.2 3 1
github.com/dreamervulpi/tourney-helper/internal/db/repo/tests/testutil/repo.go:29.3,37.2 3 0
github.com/dreamervulpi/tourney-helper/internal/db/repo/tests/testutil/repo.go:43.3,51.2 3 0
github.com/dreamervulpi/tourney-helper/internal/db/repo/tests/testutil/repo.go:55.57,64.2 3 0
github.com/dreamervulpi/tourney-helper/internal/db/repo/tests/testutil/repo.go:68.45,76.2 3 0
