mode: set
github.com/dreamervulpi/tourney-helper/internal/usecase/sender/challonge.go:21.138,29.2 1 0
github.com/dreamervulpi/tourney-helper/internal/usecase/sender/challonge.go:31.67,33.2 1 0
github.com/dreamervulpi/tourney-helper/internal/usecase/sender/challonge.go:35.68,37.2 1 0
github.com/dreamervulpi/tourney-helper/internal/usecase/sender/challonge.go:39.110,43.16 2 0
github.com/dreamervulpi/tourney-helper/internal/usecase/sender/challonge.go:43.16,45.3 1 0
github.com/dreamervulpi/tourney-helper/internal/usecase/sender/challonge.go:47.2,48.17 2 0
github.com/dreamervulpi/tourney-helper/internal/usecase/sender/challonge.go:48.17,50.3 1 0
github.com/dreamervulpi/tourney-helper/internal/usecase/sender/challonge.go:52.2,53.16 2 0
github.com/dreamervulpi/tourney-helper/internal/usecase/sender/challonge.go:53.16,55.3 1 0
github.com/dreamervulpi/tourney-helper/internal/usecase/sender/challonge.go:57.2,59.32 2 0
github.com/dreamervulpi/tourney-helper/internal/usecase/sender/challonge.go:59.32,60.23 1 0
github.com/dreamervulpi/tourney-helper/internal/usecase/sender/challonge.go:60.23,61.9 1 0
github.com/dreamervulpi/tourney-helper/internal/usecase/sender/challonge.go:65.3,66.17 2 0
github.com/dreamervulpi/tourney-helper/internal/usecase/sender/challonge.go:66.17,68.4 1 0
github.com/dreamervulpi/tourney-helper/internal/usecase/sender/challonge.go:69.3,70.17 2 0
github.com/dreamervulpi/tourney-helper/internal/usecase/sender/challonge.go:70.17,72.4 1 0
github.com/dreamervulpi/tourney-helper/internal/usecase/sender/challonge.go:74.3,82.42 6 0
github.com/dreamervulpi/tourney-helper/internal/usecase/sender/challonge.go:82.42,85.4 2 0
github.com/dreamervulpi/tourney-helper/internal/usecase/sender/challonge.go:85.9,87.4 1 0
github.com/dreamervulpi/tourney-helper/internal/usecase/sender/challonge.go:88.3,99.41 2 0
github.com/dreamervulpi/tourney-helper/internal/usecase/sender/challonge.go:102.2,102.25 1 0
github.com/dreamervulpi/tourney-helper/internal/usecase/sender/challonge.go:105.114,112.25 2 0
github.com/dreamervulpi/tourney-helper/internal/usecase/sender/challonge.go:112.25,114.3 1 0
github.com/dreamervulpi/tourney-helper/internal/usecase/sender/challonge.go:114.8,114.36 1 0
github.com/dreamervulpi/tourney-helper/internal/usecase/sender/challonge.go:114.36,116.3 1 0
github.com/dreamervulpi/tourney-helper/internal/usecase/sender/challonge.go:118.2,118.10 1 0
github.com/dreamervulpi/tourney-helper/internal/usecase/sender/factory.go:12.218,13.50 1 0
github.com/dreamervulpi/tourney-helper/internal/usecase/sender/factory.go:14.17,16.17 2 0
github.com/dreamervulpi/tourney-helper/internal/usecase/sender/factory.go:16.17,18.4 1 0
github.com/dreamervulpi/tourney-helper/internal/usecase/sender/factory.go:19.3,19.83 1 0
github.com/dreamervulpi/tourney-helper/internal/usecase/sender/factory.go:20.19,22.17 2 0
github.com/dreamervulpi/tourney-helper/internal/usecase/sender/factory.go:22.17,24.4 1 0
github.com/dreamervulpi/tourney-helper/internal/usecase/sender/factory.go:27.3,27.64 1 0
github.com/dreamervulpi/tourney-helper/internal/usecase/sender/factory.go:28.10,29.118 1 0
github.com/dreamervulpi/tourney-helper/internal/usecase/sender/functions.go:16.62,17.51 1 1
github.com/dreamervulpi/tourney-helper/internal/usecase/sender/functions.go:17.51,19.3 1 1
github.com/dreamervulpi/tourney-helper/internal/usecase/sender/functions.go:21.2,21.57 1 1
github.com/dreamervulpi/tourney-helper/internal/usecase/sender/functions.go:21.57,23.3 1 1
github.com/dreamervulpi/tourney-helper/internal/usecase/sender/functions.go:25.2,25.12 1 1
github.com/dreamervulpi/tourney-helper/internal/usecase/sender/functions.go:28.137,31.9 2 0
github.com/dreamervulpi/tourney-helper/internal/usecase/sender/functions.go:32.18,33.62 1 0
github.com/dreamervulpi/tourney-helper/internal/usecase/sender/functions.go:33.62,35.18 2 0
github.com/dreamervulpi/tourney-helper/internal/usecase/sender/functions.go:35.18,37.5 1 0
github.com/dreamervulpi/tourney-helper/internal/usecase/sender/functions.go:39.3,40.17 2 0
github.com/dreamervulpi/tourney-helper/internal/usecase/sender/functions.go:40.17,42.4 1 0
github.com/dreamervulpi/tourney-helper/internal/usecase/sender/functions.go:43.3,43.26 1 0
github.com/dreamervulpi/tourney-helper/internal/usecase/sender/functions.go:44.37,48.17 3 0
github.com/dreamervulpi/tourney-helper/internal/usecase/sender/functions.go:48.17,50.81 2 0
github.com/dreamervulpi/tourney-helper/internal/usecase/sender/functions.go:50.81,52.5 1 0
github.com/dreamervulpi/tourney-helper/internal/usecase/sender/functions.go:53.4,53.32 1 0
github.com/dreamervulpi/tourney-helper/internal/usecase/sender/functions.go:55.3,55.80 1 0
github.com/dreamervulpi/tourney-helper/internal/usecase/sender/functions.go:55.80,57.4 1 0
github.com/dreamervulpi/tourney-helper/internal/usecase/sender/functions.go:58.3,58.31 1 0
github.com/dreamervulpi/tourney-helper/internal/usecase/sender/functions.go:59.10,60.41 1 0
github.com/dreamervulpi/tourney-helper/internal/usecase/sender/functions.go:64.148,77.2 4 1
github.com/dreamervulpi/tourney-helper/internal/usecase/sender/functions.go:79.68,81.21 1 1
github.com/dreamervulpi/tourney-helper/internal/usecase/sender/functions.go:81.21,83.3 1 1
github.com/dreamervulpi/tourney-helper/internal/usecase/sender/functions.go:85.2,85.53 1 1
github.com/dreamervulpi/tourney-helper/internal/usecase/sender/functions.go:88.110,90.27 2 1
github.com/dreamervulpi/tourney-helper/internal/usecase/sender/functions.go:90.27,91.10 1 1
github.com/dreamervulpi/tourney-helper/internal/usecase/sender/functions.go:92.21,94.23 2 1
github.com/dreamervulpi/tourney-helper/internal/usecase/sender/functions.go:95.11,95.11 0 1
github.com/dreamervulpi/tourney-helper/internal/usecase/sender/functions.go:97.3,98.51 2 1
github.com/dreamervulpi/tourney-helper/internal/usecase/sender/functions.go:98.51,100.4 1 1
github.com/dreamervulpi/tourney-helper/internal/usecase/sender/functions.go:102.3,104.22 2 1
github.com/dreamervulpi/tourney-helper/internal/usecase/sender/functions.go:104.22,107.4 2 1
github.com/dreamervulpi/tourney-helper/internal/usecase/sender/functions.go:109.3,112.21 3 1
github.com/dreamervulpi/tourney-helper/internal/usecase/sender/functions.go:112.21,114.4 1 1
github.com/dreamervulpi/tourney-helper/internal/usecase/sender/functions.go:115.3,115.21 1 1
github.com/dreamervulpi/tourney-helper/internal/usecase/sender/functions.go:115.21,117.4 1 1
github.com/dreamervulpi/tourney-helper/internal/usecase/sender/functions.go:119.2,119.27 1 1
github.com/dreamervulpi/tourney-helper/internal/usecase/sender/get.go:11.76,14.19 3 0
github.com/dreamervulpi/tourney-helper/internal/usecase/sender/get.go:14.19,16.3 1 0
github.com/dreamervulpi/tourney-helper/internal/usecase/sender/get.go:17.2,18.17 2 0
github.com/dreamervulpi/tourney-helper/internal/usecase/sender/get.go:21.85,23.2 1 0
github.com/dreamervulpi/tourney-helper/internal/usecase/sender/get.go:25.79,27.2 1 0
github.com/dreamervulpi/tourney-helper/internal/usecase/sender/get.go:29.64,30.32 1 0
github.com/dreamervulpi/tourney-helper/internal/usecase/sender/get.go:30.32,32.3 1 0
github.com/dreamervulpi/tourney-helper/internal/usecase/sender/get.go:34.2,34.25 1 0
github.com/dreamervulpi/tourney-helper/internal/usecase/sender/get.go:34.25,36.3 1 0
github.com/dreamervulpi/tourney-helper/internal/usecase/sender/get.go:38.2,40.40 2 0
github.com/dreamervulpi/tourney-helper/internal/usecase/sender/get.go:40.40,42.3 1 0
github.com/dreamervulpi/tourney-helper/internal/usecase/sender/get.go:43.2,43.33 1 0
github.com/dreamervulpi/tourney-helper/internal/usecase/sender/get.go:46.88,48.2 1 0
github.com/dreamervulpi/tourney-helper/internal/usecase/sender/get.go:50.46,52.2 1 0
github.com/dreamervulpi/tourney-helper/internal/usecase/sender/get.go:54.86,56.76 2 0
github.com/dreamervulpi/tourney-helper/internal/usecase/sender/get.go:56.76,58.3 1 0
github.com/dreamervulpi/tourney-helper/internal/usecase/sender/get.go:60.2,61.16 2 0
github.com/dreamervulpi/tourney-helper/internal/usecase/sender/get.go:61.16,63.3 1 0
github.com/dreamervulpi/tourney-helper/internal/usecase/sender/get.go:65.2,67.22 3 0
github.com/dreamervulpi/tourney-helper/internal/usecase/sender/send.go:17.148,18.22 1 0
github.com/dreamervulpi/tourney-helper/internal/usecase/sender/send.go:18.22,20.3 1 0
github.com/dreamervulpi/tourney-helper/internal/usecase/sender/send.go:22.2,35.16 11 0
github.com/dreamervulpi/tourney-helper/internal/usecase/sender/send.go:35.16,38.3 2 0
github.com/dreamervulpi/tourney-helper/internal/usecase/sender/send.go:40.2,45.22 2 0
github.com/dreamervulpi/tourney-helper/internal/usecase/sender/send.go:45.22,48.3 2 0
github.com/dreamervulpi/tourney-helper/internal/usecase/sender/send.go:50.2,51.18 2 0
github.com/dreamervulpi/tourney-helper/internal/usecase/sender/send.go:51.18,53.3 1 0
github.com/dreamervulpi/tourney-helper/internal/usecase/sender/send.go:53.8,55.3 1 0
github.com/dreamervulpi/tourney-helper/internal/usecase/sender/send.go:56.2,65.22 5 0
github.com/dreamervulpi/tourney-helper/internal/usecase/sender/send.go:65.22,68.3 2 0
github.com/dreamervulpi/tourney-helper/internal/usecase/sender/send.go:70.2,71.18 2 0
github.com/dreamervulpi/tourney-helper/internal/usecase/sender/send.go:71.18,73.3 1 0
github.com/dreamervulpi/tourney-helper/internal/usecase/sender/send.go:73.8,75.3 1 0
github.com/dreamervulpi/tourney-helper/internal/usecase/sender/send.go:76.2,77.36 2 0
github.com/dreamervulpi/tourney-helper/internal/usecase/sender/send.go:80.170,81.34 1 0
github.com/dreamervulpi/tourney-helper/internal/usecase/sender/send.go:81.34,84.3 2 0
github.com/dreamervulpi/tourney-helper/internal/usecase/sender/send.go:86.2,86.63 1 0
github.com/dreamervulpi/tourney-helper/internal/usecase/sender/send.go:86.63,88.3 1 0
github.com/dreamervulpi/tourney-helper/internal/usecase/sender/send.go:90.2,91.16 2 0
github.com/dreamervulpi/tourney-helper/internal/usecase/sender/send.go:91.16,93.3 1 0
github.com/dreamervulpi/tourney-helper/internal/usecase/sender/send.go:95.2,95.71 1 0
github.com/dreamervulpi/tourney-helper/internal/usecase/sender/send.go:95.71,101.86 2 0
github.com/dreamervulpi/tourney-helper/internal/usecase/sender/send.go:101.86,103.4 1 0
github.com/dreamervulpi/tourney-helper/internal/usecase/sender/send.go:106.2,107.18 2 0
github.com/dreamervulpi/tourney-helper/internal/usecase/sender/sender.go:50.39,63.2 1 0
github.com/dreamervulpi/tourney-helper/internal/usecase/sender/sender.go:65.62,67.16 2 0
github.com/dreamervulpi/tourney-helper/internal/usecase/sender/sender.go:67.16,70.3 2 0
github.com/dreamervulpi/tourney-helper/internal/usecase/sender/sender.go:72.2,75.6 3 0
github.com/dreamervulpi/tourney-helper/internal/usecase/sender/sender.go:75.6,79.47 4 0
github.com/dreamervulpi/tourney-helper/internal/usecase/sender/sender.go:79.47,80.40 1 0
github.com/dreamervulpi/tourney-helper/internal/usecase/sender/sender.go:80.40,82.5 1 0
github.com/dreamervulpi/tourney-helper/internal/usecase/sender/sender.go:83.4,83.87 1 0
github.com/dreamervulpi/tourney-helper/internal/usecase/sender/sender.go:85.3,86.10 2 0
github.com/dreamervulpi/tourney-helper/internal/usecase/sender/sender.go:87.21,88.20 1 0
github.com/dreamervulpi/tourney-helper/internal/usecase/sender/sender.go:89.19,89.19 0 0
github.com/dreamervulpi/tourney-helper/internal/usecase/sender/sender.go:96.108,97.9 1 0
github.com/dreamervulpi/tourney-helper/internal/usecase/sender/sender.go:98.20,99.19 1 0
github.com/dreamervulpi/tourney-helper/internal/usecase/sender/sender.go:100.10,100.10 0 0
github.com/dreamervulpi/tourney-helper/internal/usecase/sender/sender.go:103.2,104.50 2 0
github.com/dreamervulpi/tourney-helper/internal/usecase/sender/sender.go:104.50,106.3 1 0
github.com/dreamervulpi/tourney-helper/internal/usecase/sender/sender.go:108.2,109.21 2 0
github.com/dreamervulpi/tourney-helper/internal/usecase/sender/sender.go:109.21,111.78 2 0
github.com/dreamervulpi/tourney-helper/internal/usecase/sender/sender.go:111.78,112.68 1 0
github.com/dreamervulpi/tourney-helper/internal/usecase/sender/sender.go:112.68,114.5 1 0
github.com/dreamervulpi/tourney-helper/internal/usecase/sender/sender.go:116.3,116.90 1 0
github.com/dreamervulpi/tourney-helper/internal/usecase/sender/sender.go:116.90,118.4 1 0
github.com/dreamervulpi/tourney-helper/internal/usecase/sender/sender.go:121.2,123.21 2 0
github.com/dreamervulpi/tourney-helper/internal/usecase/sender/sender.go:123.21,126.3 2 0
github.com/dreamervulpi/tourney-helper/internal/usecase/sender/sender.go:128.2,131.57 3 0
github.com/dreamervulpi/tourney-helper/internal/usecase/sender/sender.go:131.57,133.3 1 0
github.com/dreamervulpi/tourney-helper/internal/usecase/sender/sender.go:135.2,138.18 3 0
github.com/dreamervulpi/tourney-helper/internal/usecase/sender/sender.go:138.18,140.3 1 0
github.com/dreamervulpi/tourney-helper/internal/usecase/sender/sender.go:142.2,142.18 1 0
github.com/dreamervulpi/tourney-helper/internal/usecase/sender/sender.go:142.18,144.3 1 0
github.com/dreamervulpi/tourney-helper/internal/usecase/sender/sender.go:146.2,146.18 1 0
github.com/dreamervulpi/tourney-helper/internal/usecase/sender/sender.go:146.18,150.3 3 0
github.com/dreamervulpi/tourney-helper/internal/usecase/sender/sender.go:152.2,158.21 5 0
github.com/dreamervulpi/tourney-helper/internal/usecase/sender/sender.go:158.21,161.3 2 0
github.com/dreamervulpi/tourney-helper/internal/usecase/sender/sender.go:163.2,163.79 1 0
github.com/dreamervulpi/tourney-helper/internal/usecase/sender/sender.go:163.79,165.17 2 0
github.com/dreamervulpi/tourney-helper/internal/usecase/sender/sender.go:165.17,167.4 1 0
github.com/dreamervulpi/tourney-helper/internal/usecase/sender/sender.go:167.9,169.4 1 0
github.com/dreamervulpi/tourney-helper/internal/usecase/sender/sender.go:172.2,172.79 1 0
github.com/dreamervulpi/tourney-helper/internal/usecase/sender/sender.go:172.79,178.17 5 0
github.com/dreamervulpi/tourney-helper/internal/usecase/sender/sender.go:178.17,180.4 1 0
github.com/dreamervulpi/tourney-helper/internal/usecase/sender/sender.go:180.9,182.4 1 0
github.com/dreamervulpi/tourney-helper/internal/usecase/sender/sender.go:185.2,185.72 1 0
github.com/dreamervulpi/tourney-helper/internal/usecase/sender/sender.go:185.72,187.3 1 0
github.com/dreamervulpi/tourney-helper/internal/usecase/sender/sender.go:189.2,189.12 1 0
github.com/dreamervulpi/tourney-helper/internal/usecase/sender/sender.go:192.79,194.16 2 0
github.com/dreamervulpi/tourney-helper/internal/usecase/sender/sender.go:194.16,196.3 1 0
github.com/dreamervulpi/tourney-helper/internal/usecase/sender/sender.go:198.2,199.16 2 0
github.com/dreamervulpi/tourney-helper/internal/usecase/sender/sender.go:199.16,201.3 1 0
github.com/dreamervulpi/tourney-helper/internal/usecase/sender/sender.go:202.2,205.9 3 0
github.com/dreamervulpi/tourney-helper/internal/usecase/sender/sender.go:206.20,207.19 1 0
github.com/dreamervulpi/tourney-helper/internal/usecase/sender/sender.go:208.10,208.10 0 0
github.com/dreamervulpi/tourney-helper/internal/usecase/sender/sender.go:211.2,211.20 1 0
github.com/dreamervulpi/tourney-helper/internal/usecase/sender/sender.go:211.20,213.3 1 0
github.com/dreamervulpi/tourney-helper/internal/usecase/sender/sender.go:215.2,215.27 1 0
github.com/dreamervulpi/tourney-helper/internal/usecase/sender/sender.go:215.27,216.55 1 0
github.com/dreamervulpi/tourney-helper/internal/usecase/sender/sender.go:216.55,218.4 1 0
github.com/dreamervulpi/tourney-helper/internal/usecase/sender/sender.go:221.2,221.12 1 0
github.com/dreamervulpi/tourney-helper/internal/usecase/sender/startgg.go:29.166,40.2 1 0
github.com/dreamervulpi/tourney-helper/internal/usecase/sender/startgg.go:43.66,44.16 1 0
github.com/dreamervulpi/tourney-helper/internal/usecase/sender/startgg.go:44.16,46.3 1 0
github.com/dreamervulpi/tourney-helper/internal/usecase/sender/startgg.go:48.2,51.16 3 0
github.com/dreamervulpi/tourney-helper/internal/usecase/sender/startgg.go:51.16,53.3 1 0
github.com/dreamervulpi/tourney-helper/internal/usecase/sender/startgg.go:54.2,58.16 4 0
github.com/dreamervulpi/tourney-helper/internal/usecase/sender/startgg.go:58.16,60.3 1 0
github.com/dreamervulpi/tourney-helper/internal/usecase/sender/startgg.go:62.2,62.23 1 0
github.com/dreamervulpi/tourney-helper/internal/usecase/sender/startgg.go:62.23,64.3 1 0
github.com/dreamervulpi/tourney-helper/internal/usecase/sender/startgg.go:67.2,68.40 2 0
github.com/dreamervulpi/tourney-helper/internal/usecase/sender/startgg.go:68.40,69.43 1 0
github.com/dreamervulpi/tourney-helper/internal/usecase/sender/startgg.go:69.43,71.4 1 0
github.com/dreamervulpi/tourney-helper/internal/usecase/sender/startgg.go:72.3,72.33 1 0
github.com/dreamervulpi/tourney-helper/internal/usecase/sender/startgg.go:72.33,74.4 1 0
github.com/dreamervulpi/tourney-helper/internal/usecase/sender/startgg.go:75.3,75.26 1 0
github.com/dreamervulpi/tourney-helper/internal/usecase/sender/startgg.go:75.26,77.4 1 0
github.com/dreamervulpi/tourney-helper/internal/usecase/sender/startgg.go:80.2,81.36 2 0
github.com/dreamervulpi/tourney-helper/internal/usecase/sender/startgg.go:81.36,84.77 2 0
github.com/dreamervulpi/tourney-helper/internal/usecase/sender/startgg.go:84.77,85.12 1 0
github.com/dreamervulpi/tourney-helper/internal/usecase/sender/startgg.go:88.3,89.51 2 0
github.com/dreamervulpi/tourney-helper/internal/usecase/sender/startgg.go:89.51,91.4 1 0
github.com/dreamervulpi/tourney-helper/internal/usecase/sender/startgg.go:93.3,94.51 2 0
github.com/dreamervulpi/tourney-helper/internal/usecase/sender/startgg.go:94.51,96.27 2 0
github.com/dreamervulpi/tourney-helper/internal/usecase/sender/startgg.go:96.27,98.5 1 0
github.com/dreamervulpi/tourney-helper/internal/usecase/sender/startgg.go:101.3,102.52 2 0
github.com/dreamervulpi/tourney-helper/internal/usecase/sender/startgg.go:102.52,104.4 1 0
github.com/dreamervulpi/tourney-helper/internal/usecase/sender/startgg.go:106.3,106.19 1 0
github.com/dreamervulpi/tourney-helper/internal/usecase/sender/startgg.go:106.19,108.4 1 0
github.com/dreamervulpi/tourney-helper/internal/usecase/sender/startgg.go:109.3,109.25 1 0
github.com/dreamervulpi/tourney-helper/internal/usecase/sender/startgg.go:109.25,111.4 1 0
github.com/dreamervulpi/tourney-helper/internal/usecase/sender/startgg.go:112.3,112.25 1 0
github.com/dreamervulpi/tourney-helper/internal/usecase/sender/startgg.go:112.25,114.4 1 0
github.com/dreamervulpi/tourney-helper/internal/usecase/sender/startgg.go:116.3,117.16 2 0
github.com/dreamervulpi/tourney-helper/internal/usecase/sender/startgg.go:117.16,124.4 1 0
github.com/dreamervulpi/tourney-helper/internal/usecase/sender/startgg.go:127.2,127.22 1 0
github.com/dreamervulpi/tourney-helper/internal/usecase/sender/startgg.go:130.64,132.2 1 1
github.com/dreamervulpi/tourney-helper/internal/usecase/sender/startgg.go:134.65,138.16 3 0
github.com/dreamervulpi/tourney-helper/internal/usecase/sender/startgg.go:138.16,140.3 1 0
github.com/dreamervulpi/tourney-helper/internal/usecase/sender/startgg.go:142.2,142.18 1 0
github.com/dreamervulpi/tourney-helper/internal/usecase/sender/startgg.go:145.101,147.16 2 1
github.com/dreamervulpi/tourney-helper/internal/usecase/sender/startgg.go:147.16,149.3 1 1
github.com/dreamervulpi/tourney-helper/internal/usecase/sender/startgg.go:151.2,152.17 2 1
github.com/dreamervulpi/tourney-helper/internal/usecase/sender/startgg.go:152.17,154.3 1 1
github.com/dreamervulpi/tourney-helper/internal/usecase/sender/startgg.go:156.2,157.16 2 1
github.com/dreamervulpi/tourney-helper/internal/usecase/sender/startgg.go:157.16,159.3 1 1
github.com/dreamervulpi/tourney-helper/internal/usecase/sender/startgg.go:161.2,163.45 2 1
github.com/dreamervulpi/tourney-helper/internal/usecase/sender/startgg.go:163.45,165.17 2 1
github.com/dreamervulpi/tourney-helper/internal/usecase/sender/startgg.go:165.17,166.12 1 0
github.com/dreamervulpi/tourney-helper/internal/usecase/sender/startgg.go:169.3,170.18 2 1
github.com/dreamervulpi/tourney-helper/internal/usecase/sender/startgg.go:170.18,172.4 1 1
github.com/dreamervulpi/tourney-helper/internal/usecase/sender/startgg.go:172.9,174.4 1 1
github.com/dreamervulpi/tourney-helper/internal/usecase/sender/startgg.go:176.3,176.30 1 1
github.com/dreamervulpi/tourney-helper/internal/usecase/sender/startgg.go:176.30,178.18 2 1
github.com/dreamervulpi/tourney-helper/internal/usecase/sender/startgg.go:178.18,180.13 2 1
github.com/dreamervulpi/tourney-helper/internal/usecase/sender/startgg.go:183.4,183.29 1 1
github.com/dreamervulpi/tourney-helper/internal/usecase/sender/startgg.go:183.29,184.25 1 1
github.com/dreamervulpi/tourney-helper/internal/usecase/sender/startgg.go:184.25,186.6 1 1
github.com/dreamervulpi/tourney-helper/internal/usecase/sender/startgg.go:188.5,188.99 1 1
github.com/dreamervulpi/tourney-helper/internal/usecase/sender/startgg.go:188.99,190.14 2 1
github.com/dreamervulpi/tourney-helper/internal/usecase/sender/startgg.go:193.5,197.53 4 1
github.com/dreamervulpi/tourney-helper/internal/usecase/sender/startgg.go:197.53,199.142 2 1
github.com/dreamervulpi/tourney-helper/internal/usecase/sender/startgg.go:199.142,201.7 1 1
github.com/dreamervulpi/tourney-helper/internal/usecase/sender/startgg.go:204.5,217.37 2 1
github.com/dreamervulpi/tourney-helper/internal/usecase/sender/startgg.go:219.4,219.139 1 1
github.com/dreamervulpi/tourney-helper/internal/usecase/sender/startgg.go:222.2,222.22 1 1
github.com/dreamervulpi/tourney-helper/internal/usecase/sender/startgg.go:225.96,234.39 2 1
github.com/dreamervulpi/tourney-helper/internal/usecase/sender/startgg.go:234.39,236.3 1 1
github.com/dreamervulpi/tourney-helper/internal/usecase/sender/startgg.go:236.8,238.3 1 0
github.com/dreamervulpi/tourney-helper/internal/usecase/sender/startgg.go:240.2,241.43 2 1
github.com/dreamervulpi/tourney-helper/internal/usecase/sender/startgg.go:241.43,244.3 2 1
github.com/dreamervulpi/tourney-helper/internal/usecase/sender/startgg.go:244.8,244.88 1 0
github.com/dreamervulpi/tourney-helper/internal/usecase/sender/startgg.go:244.88,247.3 2 0
github.com/dreamervulpi/tourney-helper/internal/usecase/sender/startgg.go:249.2,249.93 1 1
github.com/dreamervulpi/tourney-helper/internal/usecase/sender/startgg.go:249.93,250.64 1 1
github.com/dreamervulpi/tourney-helper/internal/usecase/sender/startgg.go:250.64,251.22 1 0
github.com/dreamervulpi/tourney-helper/internal/usecase/sender/startgg.go:251.22,254.5 2 0
github.com/dreamervulpi/tourney-helper/internal/usecase/sender/startgg.go:255.4,255.30 1 0
github.com/dreamervulpi/tourney-helper/internal/usecase/sender/startgg.go:255.30,257.5 1 0
github.com/dreamervulpi/tourney-helper/internal/usecase/sender/startgg.go:258.4,258.28 1 0
github.com/dreamervulpi/tourney-helper/internal/usecase/sender/startgg.go:258.28,260.5 1 0
github.com/dreamervulpi/tourney-helper/internal/usecase/sender/startgg.go:261.4,261.27 1 0
github.com/dreamervulpi/tourney-helper/internal/usecase/sender/startgg.go:261.27,263.5 1 0
github.com/dreamervulpi/tourney-helper/internal/usecase/sender/startgg.go:267.2,267.20 1 1
github.com/dreamervulpi/tourney-helper/internal/usecase/sender/startgg.go:267.20,269.3 1 1
github.com/dreamervulpi/tourney-helper/internal/usecase/sender/startgg.go:270.2,270.22 1 1
github.com/dreamervulpi/tourney-helper/internal/usecase/sender/startgg.go:270.22,272.3 1 0
github.com/dreamervulpi/tourney-helper/internal/usecase/sender/startgg.go:273.2,273.28 1 1
github.com/dreamervulpi/tourney-helper/internal/usecase/sender/startgg.go:273.28,275.3 1 0
github.com/dreamervulpi/tourney-helper/internal/usecase/sender/startgg.go:276.2,276.25 1 1
github.com/dreamervulpi/tourney-helper/internal/usecase/sender/startgg.go:276.25,278.3 1 1
github.com/dreamervulpi/tourney-helper/internal/usecase/sender/startgg.go:280.2,280.10 1 1
github.com/dreamervulpi/tourney-helper/internal/usecase/sender/tests/testutil/assert.go:8.46,11.16 2 1
github.com/dreamervulpi/tourney-helper/internal/usecase/sender/tests/testutil/assert.go:11.16,13.3 1 0
github.com/dreamervulpi/tourney-helper/internal/usecase/sender/tests/testutil/assert.go:16.44,19.16 2 1
github.com/dreamervulpi/tourney-helper/internal/usecase/sender/tests/testutil/assert.go:19.16,21.3 1 0
github.com/dreamervulpi/tourney-helper/internal/usecase/sender/tests/testutil/assert.go:28.3,31.42 2 0
github.com/dreamervulpi/tourney-helper/internal/usecase/sender/tests/testutil/assert.go:31.42,37.3 1 0
github.com/dreamervulpi/tourney-helper/internal/usecase/sender/tests/testutil/assert.go:40.63,43.17 2 0
github.com/dreamervulpi/tourney-helper/internal/usecase/sender/tests/testutil/assert.go:43.17,45.3 1 0
github.com/dreamervulpi/tourney-helper/internal/usecase/sender/tests/testutil/assert.go:48.44,51.12 2 0
github.com/dreamervulpi/tourney-helper/internal/usecase/sender/tests/testutil/assert.go:51.12,53.3 1 0
github.com/dreamervulpi/tourney-helper/internal/usecase/sender/tests/testutil/assert.go:56.45,59.11 2 0
github.com/dreamervulpi/tourney-helper/internal/usecase/sender/tests/testutil/assert.go:59.11,61.3 1 0
github.com/dreamervulpi/tourney-helper/internal/usecase/sender/tests/testutil/assert.go:64.42,67.19 2 0
github.com/dreamervulpi/tourney-helper/internal/usecase/sender/tests/testutil/assert.go:67.19,69.3 1 0
github.com/dreamervulpi/tourney-helper/internal/usecase/sender/tests/testutil/assert.go:72.45,75.18 2 0
github.com/dreamervulpi/tourney-helper/internal/usecase/sender/tests/testutil/assert.go:75.18,77.3 1 0
github.com/dreamervulpi/tourney-helper/internal/usecase/sender/tests/testutil/assert.go:80.28,81.18 1 0
github.com/dreamervulpi/tourney-helper/internal/usecase/sender/tests/testutil/assert.go:81.18,83.3 1 0
github.com/dreamervulpi/tourney-helper/internal/usecase/sender/tests/testutil/assert.go:85.2,87.18 2 0
github.com/dreamervulpi/tourney-helper/internal/usecase/sender/tests/testutil/assert.go:93.17,94.19 1 0
github.com/dreamervulpi/tourney-helper/internal/usecase/sender/tests/testutil/assert.go:95.10,96.15 1 0
github.com/dreamervulpi/tourney-helper/internal/usecase/sender/tests/testutil/assert.go:100.52,103.22 2 0
github.com/dreamervulpi/tourney-helper/internal/usecase/sender/tests/testutil/assert.go:103.22,105.3 1 0
github.com/dreamervulpi/tourney-helper/internal/usecase/sender/tests/testutil/assert.go:108.55,111.22 2 0
github.com/dreamervulpi/tourney-helper/internal/usecase/sender/tests/testutil/assert.go:111.22,113.3 1 0
